[ 2014-10-23T09:27:02+08:00 ] ::1 /gogodahub/
NOTIC: [8] Undefined index: uid F:\wamp\www\gogodahub\ThinkPHP\Library\Think\Controller.class.php 第 123 行.
NOTIC: [8] Undefined index: uid F:\wamp\www\gogodahub\ThinkPHP\Library\Think\Controller.class.php 第 127 行.

[ 2014-10-23T09:27:02+08:00 ] ::1 /gogodahub/index.php?s=/home/index/main.html
NOTIC: [8] Undefined index: uid F:\wamp\www\gogodahub\ThinkPHP\Library\Think\Controller.class.php 第 123 行.
NOTIC: [8] Undefined index: uid F:\wamp\www\gogodahub\ThinkPHP\Library\Think\Controller.class.php 第 127 行.

[ 2014-10-23T09:27:03+08:00 ] ::1 /gogodahub/index.php?s=/home/user/login.html
NOTIC: [8] Undefined index: uid F:\wamp\www\gogodahub\ThinkPHP\Library\Think\Controller.class.php 第 123 行.
NOTIC: [8] Undefined index: uid F:\wamp\www\gogodahub\ThinkPHP\Library\Think\Controller.class.php 第 127 行.
INFO: [ view_begin ] --START--
INFO: [ view_begin ] --END-- [ RunTime:0.000043s ]
INFO: [ view_parse ] --START--
INFO: [ template_filter ] --START--
INFO: Run Behavior\ContentReplace [ RunTime:0.000159s ]
INFO: [ template_filter ] --END-- [ RunTime:0.000270s ]
NOTIC: [8] Undefined index: _addons F:\wamp\www\gogodahub\Runtime\Cache\Home\b171d71961885d3bf0f7a9b2e0867b01.php 第 39 行.
SQL: SHOW COLUMNS FROM `wp_addons` [ RunTime:0.046696s ]
SQL: SELECT * FROM `wp_addons` WHERE ( `status` = 1 ) AND ( `type` = 1 )  [ RunTime:0.021413s ]
SQL: SHOW COLUMNS FROM `wp_addons` [ RunTime:0.005039s ]
SQL: SHOW COLUMNS FROM `wp_member_public` [ RunTime:0.030785s ]
SQL: SELECT * FROM `wp_member_public` WHERE ( `token` = -1 ) LIMIT 1   [ RunTime:0.006400s ]
SQL: SHOW COLUMNS FROM `wp_member_public_link` [ RunTime:0.016825s ]
SQL: SELECT `addon_status` FROM `wp_member_public_link` WHERE ( `uid` = null ) AND ( `mp_id` = 107 ) LIMIT 1   [ RunTime:0.010734s ]
NOTIC: [8] Undefined variable: addons F:\wamp\www\gogodahub\Application\Common\Common\function.php 第 429 行.
NOTIC: [8] Undefined variable: addons F:\wamp\www\gogodahub\Application\Common\Common\function.php 第 429 行.
NOTIC: [8] Undefined variable: addons F:\wamp\www\gogodahub\Application\Common\Common\function.php 第 429 行.
NOTIC: [8] Undefined variable: addons F:\wamp\www\gogodahub\Application\Common\Common\function.php 第 429 行.
NOTIC: [8] Undefined variable: addons F:\wamp\www\gogodahub\Application\Common\Common\function.php 第 429 行.
NOTIC: [8] Undefined variable: addons F:\wamp\www\gogodahub\Application\Common\Common\function.php 第 429 行.
NOTIC: [8] Undefined variable: addons F:\wamp\www\gogodahub\Application\Common\Common\function.php 第 429 行.
NOTIC: [8] Undefined variable: addons F:\wamp\www\gogodahub\Application\Common\Common\function.php 第 429 行.
NOTIC: [8] Undefined variable: addons F:\wamp\www\gogodahub\Application\Common\Common\function.php 第 429 行.
NOTIC: [8] Undefined variable: addons F:\wamp\www\gogodahub\Application\Common\Common\function.php 第 429 行.
NOTIC: [8] Undefined variable: addons F:\wamp\www\gogodahub\Application\Common\Common\function.php 第 429 行.
NOTIC: [8] Undefined variable: addons F:\wamp\www\gogodahub\Application\Common\Common\function.php 第 429 行.
NOTIC: [8] Undefined variable: addons F:\wamp\www\gogodahub\Application\Common\Common\function.php 第 429 行.
NOTIC: [8] Undefined variable: addons F:\wamp\www\gogodahub\Application\Common\Common\function.php 第 429 行.
NOTIC: [8] Undefined variable: addons F:\wamp\www\gogodahub\Application\Common\Common\function.php 第 429 行.
NOTIC: [8] Undefined variable: addons F:\wamp\www\gogodahub\Application\Common\Common\function.php 第 429 行.
NOTIC: [8] Undefined variable: addons F:\wamp\www\gogodahub\Application\Common\Common\function.php 第 429 行.
NOTIC: [8] Undefined variable: addons F:\wamp\www\gogodahub\Application\Common\Common\function.php 第 429 行.
NOTIC: [8] Undefined variable: addons F:\wamp\www\gogodahub\Application\Common\Common\function.php 第 429 行.
NOTIC: [8] Undefined variable: addons F:\wamp\www\gogodahub\Application\Common\Common\function.php 第 429 行.
NOTIC: [8] Undefined variable: addons F:\wamp\www\gogodahub\Application\Common\Common\function.php 第 429 行.
NOTIC: [8] Undefined variable: addons F:\wamp\www\gogodahub\Application\Common\Common\function.php 第 429 行.
NOTIC: [8] Undefined variable: addons F:\wamp\www\gogodahub\Application\Common\Common\function.php 第 429 行.
INFO: [ pageFooter ] --START--
SQL: SELECT `addon_config` FROM `wp_member_public` WHERE ( `token` = -1 ) LIMIT 1   [ RunTime:0.000316s ]
SQL: SHOW COLUMNS FROM `wp_addons` [ RunTime:0.003216s ]
SQL: SELECT `config` FROM `wp_addons` WHERE ( `name` = 'BaiduStatistics' ) AND ( `status` = 1 ) LIMIT 1   [ RunTime:0.000256s ]
INFO: Run BaiduStatistics [ RunTime:0.007794s ]
INFO: [ pageFooter ] --END-- [ RunTime:0.008037s ]
INFO: Run Behavior\ParseTemplate [ RunTime:0.352125s ]
INFO: [ view_parse ] --END-- [ RunTime:0.352236s ]
INFO: [ view_filter ] --START--
INFO: Run Behavior\WriteHtmlCache [ RunTime:0.000034s ]
INFO: [ view_filter ] --END-- [ RunTime:0.000141s ]
INFO: [ view_end ] --START--
INFO: [ view_end ] --END-- [ RunTime:0.000050s ]
INFO: [ app_end ] --START--
INFO: Run Behavior\ShowPageTrace [ RunTime:0.000086s ]
INFO: [ app_end ] --END-- [ RunTime:0.000194s ]

