[ 2014-10-11T10:02:56+08:00 ] 110.185.13.183 /gogoda/index.php?s=/Admin/Database/index/type/export.html
NOTIC: [8] Undefined index: uid /var/www/html/gogoda/ThinkPHP/Library/Think/Controller.class.php 第 127 行.
SQL: SHOW COLUMNS FROM `wp_member_public_link` [ RunTime:0.000424s ]
SQL: SELECT * FROM `wp_member_public_link` WHERE ( uid=1 ) ORDER BY is_use desc  [ RunTime:0.000199s ]
SQL: SHOW COLUMNS FROM `wp_member_public` [ RunTime:0.000587s ]
SQL: SELECT * FROM `wp_member_public` WHERE ( `id` IN ('110') ) ORDER BY FIND_IN_SET(id,"110")  [ RunTime:0.000157s ]
SQL: SHOW TABLE STATUS [ RunTime:0.004457s ]
INFO: [ view_begin ] --START--
INFO: [ view_begin ] --END-- [ RunTime:0.000060s ]
INFO: [ view_parse ] --START--
INFO: [ template_filter ] --START--
INFO: Run Behavior\ContentReplace [ RunTime:0.000135s ]
INFO: [ template_filter ] --END-- [ RunTime:0.000205s ]
INFO: Run Behavior\ParseTemplate [ RunTime:0.023183s ]
INFO: [ view_parse ] --END-- [ RunTime:0.023252s ]
INFO: [ view_filter ] --START--
INFO: Run Behavior\WriteHtmlCache [ RunTime:0.000017s ]
INFO: [ view_filter ] --END-- [ RunTime:0.000061s ]
INFO: [ view_end ] --START--
INFO: [ view_end ] --END-- [ RunTime:0.000072s ]
INFO: [ app_end ] --START--
INFO: Run Behavior\ShowPageTrace [ RunTime:0.000056s ]
INFO: [ app_end ] --END-- [ RunTime:0.000123s ]

[ 2014-10-11T10:02:58+08:00 ] 110.185.13.183 /gogoda/index.php?s=/Admin/Database/index/type/import.html
NOTIC: [8] Undefined index: uid /var/www/html/gogoda/ThinkPHP/Library/Think/Controller.class.php 第 127 行.
SQL: SHOW COLUMNS FROM `wp_member_public_link` [ RunTime:0.000322s ]
SQL: SELECT * FROM `wp_member_public_link` WHERE ( uid=1 ) ORDER BY is_use desc  [ RunTime:0.000219s ]
SQL: SHOW COLUMNS FROM `wp_member_public` [ RunTime:0.000468s ]
SQL: SELECT * FROM `wp_member_public` WHERE ( `id` IN ('110') ) ORDER BY FIND_IN_SET(id,"110")  [ RunTime:0.000215s ]
INFO: [ view_begin ] --START--
INFO: [ view_begin ] --END-- [ RunTime:0.000000s ]
INFO: [ view_parse ] --START--
INFO: [ template_filter ] --START--
INFO: Run Behavior\ContentReplace [ RunTime:0.000000s ]
INFO: [ template_filter ] --END-- [ RunTime:0.000000s ]
INFO: Run Behavior\ParseTemplate [ RunTime:0.004002s ]
INFO: [ view_parse ] --END-- [ RunTime:0.004002s ]
INFO: [ view_filter ] --START--
INFO: Run Behavior\WriteHtmlCache [ RunTime:0.000000s ]
INFO: [ view_filter ] --END-- [ RunTime:0.000000s ]
INFO: [ view_end ] --START--
INFO: [ view_end ] --END-- [ RunTime:0.000000s ]
INFO: [ app_end ] --START--
INFO: Run Behavior\ShowPageTrace [ RunTime:0.000000s ]
INFO: [ app_end ] --END-- [ RunTime:0.000000s ]

[ 2014-10-11T10:02:59+08:00 ] 110.185.13.183 /gogoda/index.php?s=/Admin/User/index.html
NOTIC: [8] Undefined index: uid /var/www/html/gogoda/ThinkPHP/Library/Think/Controller.class.php 第 127 行.
SQL: SHOW COLUMNS FROM `wp_member_public_link` [ RunTime:0.000364s ]
SQL: SELECT * FROM `wp_member_public_link` WHERE ( uid=1 ) ORDER BY is_use desc  [ RunTime:0.000156s ]
SQL: SHOW COLUMNS FROM `wp_member_public` [ RunTime:0.000543s ]
SQL: SELECT * FROM `wp_member_public` WHERE ( `id` IN ('110') ) ORDER BY FIND_IN_SET(id,"110")  [ RunTime:0.000143s ]
SQL: SHOW COLUMNS FROM `wp_member` [ RunTime:0.000468s ]
SQL: SELECT COUNT(*) AS tp_count FROM `wp_member` WHERE ( `status` >= 0 ) AND ( `nickname` LIKE '%%' ) LIMIT 1   [ RunTime:0.000144s ]
SQL: SELECT `uid`,`nickname`,`sex`,`birthday`,`qq`,`score`,`login`,`reg_ip`,`reg_time`,`last_login_ip`,`last_login_time`,`status`,`public_count`,`extra_field` FROM `wp_member` WHERE ( `status` >= 0 ) AND ( `nickname` LIKE '%%' ) ORDER BY uid desc LIMIT 0,20   [ RunTime:0.000177s ]
SQL: SELECT `uid`,count(id) as total,sum(is_creator) as num FROM `wp_member_public_link` WHERE ( `uid` IN ('369','366','1') ) GROUP BY uid  [ RunTime:0.000174s ]
NOTIC: [8] Undefined index: 366 /var/www/html/gogoda/Application/Admin/Controller/UserController.class.php 第 48 行.
NOTIC: [8] Undefined index: 366 /var/www/html/gogoda/Application/Admin/Controller/UserController.class.php 第 48 行.
INFO: [ view_begin ] --START--
INFO: [ view_begin ] --END-- [ RunTime:0.000022s ]
INFO: [ view_parse ] --START--
INFO: [ template_filter ] --START--
INFO: Run Behavior\ContentReplace [ RunTime:0.000138s ]
INFO: [ template_filter ] --END-- [ RunTime:0.000206s ]
INFO: Run Behavior\ParseTemplate [ RunTime:0.015077s ]
INFO: [ view_parse ] --END-- [ RunTime:0.015143s ]
INFO: [ view_filter ] --START--
INFO: Run Behavior\WriteHtmlCache [ RunTime:0.000013s ]
INFO: [ view_filter ] --END-- [ RunTime:0.000054s ]
INFO: [ view_end ] --START--
INFO: [ view_end ] --END-- [ RunTime:0.000024s ]
INFO: [ app_end ] --START--
INFO: Run Behavior\ShowPageTrace [ RunTime:0.000032s ]
INFO: [ app_end ] --END-- [ RunTime:0.000075s ]

[ 2014-10-11T10:03:00+08:00 ] 110.185.13.183 /gogoda/index.php?s=/Admin/Addons/weixin.html
NOTIC: [8] Undefined index: uid /var/www/html/gogoda/ThinkPHP/Library/Think/Controller.class.php 第 127 行.
SQL: SHOW COLUMNS FROM `wp_member_public_link` [ RunTime:0.000342s ]
SQL: SELECT * FROM `wp_member_public_link` WHERE ( uid=1 ) ORDER BY is_use desc  [ RunTime:0.000225s ]
SQL: SHOW COLUMNS FROM `wp_member_public` [ RunTime:0.000447s ]
SQL: SELECT * FROM `wp_member_public` WHERE ( `id` IN ('110') ) ORDER BY FIND_IN_SET(id,"110")  [ RunTime:0.000219s ]
SQL: SELECT `id`,`name`,`title`,`description`,`status`,`config`,`author`,`version`,`create_time`,`has_adminlist`,`type`,`cate_id` FROM `wp_addons` WHERE ( `name` IN ('AliPlay','Attachment','BaiduStatistics','Card','Cascade','Chat','Coupon','CustomMenu','CustomReply','DevTeam','Diy','Editor','EditorForAdmin','Exam','Extensions','Forms','HelloWorld','Juhe','Leaflets','Physique','Robot','Scratch','SiteStat','SocialComment','Suggestions','Survey','SystemInfo','Test','Tongji','UserCenter','Vote','Wecome','WeiSite') )  [ RunTime:0.000238s ]
SQL: SHOW COLUMNS FROM `wp_addon_category` [ RunTime:0.000550s ]
SQL: SELECT * FROM `wp_addon_category`  [ RunTime:0.000139s ]
NOTIC: [8] Undefined index:  /var/www/html/gogoda/Application/Admin/Controller/AddonsController.class.php 第 296 行.
INFO: [ view_begin ] --START--
INFO: [ view_begin ] --END-- [ RunTime:0.000022s ]
INFO: [ view_parse ] --START--
INFO: [ template_filter ] --START--
INFO: Run Behavior\ContentReplace [ RunTime:0.000149s ]
INFO: [ template_filter ] --END-- [ RunTime:0.000275s ]
SQL: SELECT `addon_config` FROM `wp_member_public` WHERE ( `token` = 'gh_6693ff87a127' ) LIMIT 1   [ RunTime:0.000321s ]
SQL: SHOW COLUMNS FROM `wp_addons` [ RunTime:0.000563s ]
SQL: SELECT `config` FROM `wp_addons` WHERE ( `name` = 'Test' ) AND ( `status` = 1 ) LIMIT 1   [ RunTime:0.000179s ]
NOTIC: [2] include_once(./Addons/Test/config.php): failed to open stream: No such file or directory /var/www/html/gogoda/ThinkPHP/Common/functions.php 第 1310 行.
NOTIC: [2] include_once(): Failed opening './Addons/Test/config.php' for inclusion (include_path='.:/usr/share/pear:/usr/share/php') /var/www/html/gogoda/ThinkPHP/Common/functions.php 第 1310 行.
NOTIC: [2] Invalid argument supplied for foreach() /var/www/html/gogoda/ThinkPHP/Common/functions.php 第 1311 行.
SQL: SELECT `addon_config` FROM `wp_member_public` WHERE ( `token` = 'gh_6693ff87a127' ) LIMIT 1   [ RunTime:0.000137s ]
SQL: SELECT `config` FROM `wp_addons` WHERE ( `name` = 'Exam' ) AND ( `status` = 1 ) LIMIT 1   [ RunTime:0.000126s ]
NOTIC: [2] include_once(./Addons/Exam/config.php): failed to open stream: No such file or directory /var/www/html/gogoda/ThinkPHP/Common/functions.php 第 1310 行.
NOTIC: [2] include_once(): Failed opening './Addons/Exam/config.php' for inclusion (include_path='.:/usr/share/pear:/usr/share/php') /var/www/html/gogoda/ThinkPHP/Common/functions.php 第 1310 行.
NOTIC: [2] Invalid argument supplied for foreach() /var/www/html/gogoda/ThinkPHP/Common/functions.php 第 1311 行.
SQL: SELECT `addon_config` FROM `wp_member_public` WHERE ( `token` = 'gh_6693ff87a127' ) LIMIT 1   [ RunTime:0.000121s ]
SQL: SELECT `config` FROM `wp_addons` WHERE ( `name` = 'Survey' ) AND ( `status` = 1 ) LIMIT 1   [ RunTime:0.000128s ]
NOTIC: [2] include_once(./Addons/Survey/config.php): failed to open stream: No such file or directory /var/www/html/gogoda/ThinkPHP/Common/functions.php 第 1310 行.
NOTIC: [2] include_once(): Failed opening './Addons/Survey/config.php' for inclusion (include_path='.:/usr/share/pear:/usr/share/php') /var/www/html/gogoda/ThinkPHP/Common/functions.php 第 1310 行.
NOTIC: [2] Invalid argument supplied for foreach() /var/www/html/gogoda/ThinkPHP/Common/functions.php 第 1311 行.
SQL: SELECT `addon_config` FROM `wp_member_public` WHERE ( `token` = 'gh_6693ff87a127' ) LIMIT 1   [ RunTime:0.000164s ]
SQL: SELECT `config` FROM `wp_addons` WHERE ( `name` = 'Forms' ) AND ( `status` = 1 ) LIMIT 1   [ RunTime:0.000181s ]
NOTIC: [2] include_once(./Addons/Forms/config.php): failed to open stream: No such file or directory /var/www/html/gogoda/ThinkPHP/Common/functions.php 第 1310 行.
NOTIC: [2] include_once(): Failed opening './Addons/Forms/config.php' for inclusion (include_path='.:/usr/share/pear:/usr/share/php') /var/www/html/gogoda/ThinkPHP/Common/functions.php 第 1310 行.
NOTIC: [2] Invalid argument supplied for foreach() /var/www/html/gogoda/ThinkPHP/Common/functions.php 第 1311 行.
SQL: SELECT `addon_config` FROM `wp_member_public` WHERE ( `token` = 'gh_6693ff87a127' ) LIMIT 1   [ RunTime:0.000184s ]
SQL: SELECT `config` FROM `wp_addons` WHERE ( `name` = 'Diy' ) AND ( `status` = 1 ) LIMIT 1   [ RunTime:0.000137s ]
NOTIC: [2] include_once(./Addons/Diy/config.php): failed to open stream: No such file or directory /var/www/html/gogoda/ThinkPHP/Common/functions.php 第 1310 行.
NOTIC: [2] include_once(): Failed opening './Addons/Diy/config.php' for inclusion (include_path='.:/usr/share/pear:/usr/share/php') /var/www/html/gogoda/ThinkPHP/Common/functions.php 第 1310 行.
NOTIC: [2] Invalid argument supplied for foreach() /var/www/html/gogoda/ThinkPHP/Common/functions.php 第 1311 行.
SQL: SELECT `addon_config` FROM `wp_member_public` WHERE ( `token` = 'gh_6693ff87a127' ) LIMIT 1   [ RunTime:0.000170s ]
SQL: SELECT `config` FROM `wp_addons` WHERE ( `name` = 'Coupon' ) AND ( `status` = 1 ) LIMIT 1   [ RunTime:0.000212s ]
NOTIC: [2] include_once(./Addons/Coupon/config.php): failed to open stream: No such file or directory /var/www/html/gogoda/ThinkPHP/Common/functions.php 第 1310 行.
NOTIC: [2] include_once(): Failed opening './Addons/Coupon/config.php' for inclusion (include_path='.:/usr/share/pear:/usr/share/php') /var/www/html/gogoda/ThinkPHP/Common/functions.php 第 1310 行.
NOTIC: [2] Invalid argument supplied for foreach() /var/www/html/gogoda/ThinkPHP/Common/functions.php 第 1311 行.
SQL: SELECT `addon_config` FROM `wp_member_public` WHERE ( `token` = 'gh_6693ff87a127' ) LIMIT 1   [ RunTime:0.000177s ]
SQL: SELECT `config` FROM `wp_addons` WHERE ( `name` = 'Physique' ) AND ( `status` = 1 ) LIMIT 1   [ RunTime:0.000167s ]
NOTIC: [2] include_once(./Addons/Physique/config.php): failed to open stream: No such file or directory /var/www/html/gogoda/ThinkPHP/Common/functions.php 第 1310 行.
NOTIC: [2] include_once(): Failed opening './Addons/Physique/config.php' for inclusion (include_path='.:/usr/share/pear:/usr/share/php') /var/www/html/gogoda/ThinkPHP/Common/functions.php 第 1310 行.
NOTIC: [2] Invalid argument supplied for foreach() /var/www/html/gogoda/ThinkPHP/Common/functions.php 第 1311 行.
SQL: SELECT `addon_config` FROM `wp_member_public` WHERE ( `token` = 'gh_6693ff87a127' ) LIMIT 1   [ RunTime:0.000116s ]
SQL: SELECT `config` FROM `wp_addons` WHERE ( `name` = 'Tongji' ) AND ( `status` = 1 ) LIMIT 1   [ RunTime:0.000150s ]
NOTIC: [2] include_once(./Addons/Tongji/config.php): failed to open stream: No such file or directory /var/www/html/gogoda/ThinkPHP/Common/functions.php 第 1310 行.
NOTIC: [2] include_once(): Failed opening './Addons/Tongji/config.php' for inclusion (include_path='.:/usr/share/pear:/usr/share/php') /var/www/html/gogoda/ThinkPHP/Common/functions.php 第 1310 行.
NOTIC: [2] Invalid argument supplied for foreach() /var/www/html/gogoda/ThinkPHP/Common/functions.php 第 1311 行.
SQL: SELECT `addon_config` FROM `wp_member_public` WHERE ( `token` = 'gh_6693ff87a127' ) LIMIT 1   [ RunTime:0.000114s ]
SQL: SELECT `config` FROM `wp_addons` WHERE ( `name` = 'Juhe' ) AND ( `status` = 1 ) LIMIT 1   [ RunTime:0.000138s ]
SQL: SELECT `addon_config` FROM `wp_member_public` WHERE ( `token` = 'gh_6693ff87a127' ) LIMIT 1   [ RunTime:0.000114s ]
SQL: SELECT `config` FROM `wp_addons` WHERE ( `name` = 'Scratch' ) AND ( `status` = 1 ) LIMIT 1   [ RunTime:0.000155s ]
NOTIC: [2] include_once(./Addons/Scratch/config.php): failed to open stream: No such file or directory /var/www/html/gogoda/ThinkPHP/Common/functions.php 第 1310 行.
NOTIC: [2] include_once(): Failed opening './Addons/Scratch/config.php' for inclusion (include_path='.:/usr/share/pear:/usr/share/php') /var/www/html/gogoda/ThinkPHP/Common/functions.php 第 1310 行.
NOTIC: [2] Invalid argument supplied for foreach() /var/www/html/gogoda/ThinkPHP/Common/functions.php 第 1311 行.
SQL: SELECT `addon_config` FROM `wp_member_public` WHERE ( `token` = 'gh_6693ff87a127' ) LIMIT 1   [ RunTime:0.000115s ]
SQL: SELECT `config` FROM `wp_addons` WHERE ( `name` = 'CustomReply' ) AND ( `status` = 1 ) LIMIT 1   [ RunTime:0.000139s ]
NOTIC: [2] include_once(./Addons/CustomReply/config.php): failed to open stream: No such file or directory /var/www/html/gogoda/ThinkPHP/Common/functions.php 第 1310 行.
NOTIC: [2] include_once(): Failed opening './Addons/CustomReply/config.php' for inclusion (include_path='.:/usr/share/pear:/usr/share/php') /var/www/html/gogoda/ThinkPHP/Common/functions.php 第 1310 行.
NOTIC: [2] Invalid argument supplied for foreach() /var/www/html/gogoda/ThinkPHP/Common/functions.php 第 1311 行.
SQL: SELECT `addon_config` FROM `wp_member_public` WHERE ( `token` = 'gh_6693ff87a127' ) LIMIT 1   [ RunTime:0.000120s ]
SQL: SELECT `config` FROM `wp_addons` WHERE ( `name` = 'Leaflets' ) AND ( `status` = 1 ) LIMIT 1   [ RunTime:0.000150s ]
SQL: SELECT `addon_config` FROM `wp_member_public` WHERE ( `token` = 'gh_6693ff87a127' ) LIMIT 1   [ RunTime:0.000122s ]
SQL: SELECT `config` FROM `wp_addons` WHERE ( `name` = 'HelloWorld' ) AND ( `status` = 1 ) LIMIT 1   [ RunTime:0.000125s ]
NOTIC: [2] include_once(./Addons/HelloWorld/config.php): failed to open stream: No such file or directory /var/www/html/gogoda/ThinkPHP/Common/functions.php 第 1310 行.
NOTIC: [2] include_once(): Failed opening './Addons/HelloWorld/config.php' for inclusion (include_path='.:/usr/share/pear:/usr/share/php') /var/www/html/gogoda/ThinkPHP/Common/functions.php 第 1310 行.
NOTIC: [2] Invalid argument supplied for foreach() /var/www/html/gogoda/ThinkPHP/Common/functions.php 第 1311 行.
SQL: SELECT `addon_config` FROM `wp_member_public` WHERE ( `token` = 'gh_6693ff87a127' ) LIMIT 1   [ RunTime:0.000116s ]
SQL: SELECT `config` FROM `wp_addons` WHERE ( `name` = 'UserCenter' ) AND ( `status` = 1 ) LIMIT 1   [ RunTime:0.000148s ]
SQL: SELECT `addon_config` FROM `wp_member_public` WHERE ( `token` = 'gh_6693ff87a127' ) LIMIT 1   [ RunTime:0.000111s ]
SQL: SELECT `config` FROM `wp_addons` WHERE ( `name` = 'Wecome' ) AND ( `status` = 1 ) LIMIT 1   [ RunTime:0.000118s ]
SQL: SELECT `addon_config` FROM `wp_member_public` WHERE ( `token` = 'gh_6693ff87a127' ) LIMIT 1   [ RunTime:0.000172s ]
SQL: SELECT `config` FROM `wp_addons` WHERE ( `name` = 'Chat' ) AND ( `status` = 1 ) LIMIT 1   [ RunTime:0.000181s ]
SQL: SELECT `addon_config` FROM `wp_member_public` WHERE ( `token` = 'gh_6693ff87a127' ) LIMIT 1   [ RunTime:0.000179s ]
SQL: SELECT `config` FROM `wp_addons` WHERE ( `name` = 'CustomMenu' ) AND ( `status` = 1 ) LIMIT 1   [ RunTime:0.000185s ]
NOTIC: [2] include_once(./Addons/CustomMenu/config.php): failed to open stream: No such file or directory /var/www/html/gogoda/ThinkPHP/Common/functions.php 第 1310 行.
NOTIC: [2] include_once(): Failed opening './Addons/CustomMenu/config.php' for inclusion (include_path='.:/usr/share/pear:/usr/share/php') /var/www/html/gogoda/ThinkPHP/Common/functions.php 第 1310 行.
NOTIC: [2] Invalid argument supplied for foreach() /var/www/html/gogoda/ThinkPHP/Common/functions.php 第 1311 行.
SQL: SELECT `addon_config` FROM `wp_member_public` WHERE ( `token` = 'gh_6693ff87a127' ) LIMIT 1   [ RunTime:0.000182s ]
SQL: SELECT `config` FROM `wp_addons` WHERE ( `name` = 'Robot' ) AND ( `status` = 1 ) LIMIT 1   [ RunTime:0.000180s ]
NOTIC: [2] include_once(./Addons/Robot/config.php): failed to open stream: No such file or directory /var/www/html/gogoda/ThinkPHP/Common/functions.php 第 1310 行.
NOTIC: [2] include_once(): Failed opening './Addons/Robot/config.php' for inclusion (include_path='.:/usr/share/pear:/usr/share/php') /var/www/html/gogoda/ThinkPHP/Common/functions.php 第 1310 行.
NOTIC: [2] Invalid argument supplied for foreach() /var/www/html/gogoda/ThinkPHP/Common/functions.php 第 1311 行.
SQL: SELECT `addon_config` FROM `wp_member_public` WHERE ( `token` = 'gh_6693ff87a127' ) LIMIT 1   [ RunTime:0.000193s ]
SQL: SELECT `config` FROM `wp_addons` WHERE ( `name` = 'WeiSite' ) AND ( `status` = 1 ) LIMIT 1   [ RunTime:0.000163s ]
SQL: SELECT `addon_config` FROM `wp_member_public` WHERE ( `token` = 'gh_6693ff87a127' ) LIMIT 1   [ RunTime:0.000169s ]
SQL: SELECT `config` FROM `wp_addons` WHERE ( `name` = 'Card' ) AND ( `status` = 1 ) LIMIT 1   [ RunTime:0.000148s ]
NOTIC: [8] Undefined index: value /var/www/html/gogoda/ThinkPHP/Common/functions.php 第 1312 行.
INFO: Run Behavior\ParseTemplate [ RunTime:0.037155s ]
INFO: [ view_parse ] --END-- [ RunTime:0.037212s ]
INFO: [ view_filter ] --START--
INFO: Run Behavior\WriteHtmlCache [ RunTime:0.000016s ]
INFO: [ view_filter ] --END-- [ RunTime:0.000056s ]
INFO: [ view_end ] --START--
INFO: [ view_end ] --END-- [ RunTime:0.000082s ]
INFO: [ app_end ] --START--
INFO: Run Behavior\ShowPageTrace [ RunTime:0.000043s ]
INFO: [ app_end ] --END-- [ RunTime:0.000131s ]

[ 2014-10-11T10:03:10+08:00 ] 110.185.13.183 /gogoda/index.php?s=/admin/store/index.html
NOTIC: [8] Undefined index: uid /var/www/html/gogoda/ThinkPHP/Library/Think/Controller.class.php 第 127 行.
SQL: SHOW COLUMNS FROM `wp_member_public_link` [ RunTime:0.000309s ]
SQL: SELECT * FROM `wp_member_public_link` WHERE ( uid=1 ) ORDER BY is_use desc  [ RunTime:0.000199s ]
SQL: SHOW COLUMNS FROM `wp_member_public` [ RunTime:0.000420s ]
SQL: SELECT * FROM `wp_member_public` WHERE ( `id` IN ('110') ) ORDER BY FIND_IN_SET(id,"110")  [ RunTime:0.000199s ]
NOTIC: [8] Undefined index: type /var/www/html/gogoda/Application/Admin/Controller/StoreController.class.php 第 29 行.
INFO: [ view_begin ] --START--
INFO: [ view_begin ] --END-- [ RunTime:0.000024s ]
INFO: [ view_parse ] --START--
INFO: [ template_filter ] --START--
INFO: Run Behavior\ContentReplace [ RunTime:0.000123s ]
INFO: [ template_filter ] --END-- [ RunTime:0.000253s ]
NOTIC: [8] Undefined variable: meta_title /var/www/html/gogoda/Runtime/Cache/Admin/98a4df6071be47e712bd0ec08c829671.php 第 5 行.
INFO: Run Behavior\ParseTemplate [ RunTime:0.011203s ]
INFO: [ view_parse ] --END-- [ RunTime:0.011272s ]
INFO: [ view_filter ] --START--
INFO: Run Behavior\WriteHtmlCache [ RunTime:0.000013s ]
INFO: [ view_filter ] --END-- [ RunTime:0.000056s ]
INFO: [ view_end ] --START--
INFO: [ view_end ] --END-- [ RunTime:0.000025s ]
INFO: [ app_end ] --START--
INFO: Run Behavior\ShowPageTrace [ RunTime:0.000033s ]
INFO: [ app_end ] --END-- [ RunTime:0.000075s ]

[ 2014-10-11T10:03:14+08:00 ] 110.185.13.183 /gogoda/index.php?s=/Home/Index/main.html
NOTIC: [8] Undefined index: uid /var/www/html/gogoda/ThinkPHP/Library/Think/Controller.class.php 第 127 行.
SQL: SHOW COLUMNS FROM `wp_member_public_link` [ RunTime:0.000457s ]
SQL: SELECT * FROM `wp_member_public_link` WHERE ( uid=1 ) ORDER BY is_use desc  [ RunTime:0.000248s ]
SQL: SHOW COLUMNS FROM `wp_member_public` [ RunTime:0.000463s ]
SQL: SELECT * FROM `wp_member_public` WHERE ( `id` IN ('110') ) ORDER BY FIND_IN_SET(id,"110")  [ RunTime:0.000201s ]
SQL: SHOW COLUMNS FROM `wp_addons` [ RunTime:0.000391s ]
SQL: SELECT * FROM `wp_addons` WHERE ( `type` = 1 ) ORDER BY id DESC LIMIT 0,15   [ RunTime:0.000231s ]
SQL: SHOW COLUMNS FROM `wp_addons` [ RunTime:0.000375s ]
SQL: SELECT * FROM `wp_member_public` WHERE ( `token` = 'gh_27301bccb213' ) LIMIT 1   [ RunTime:0.000179s ]
SQL: SELECT `addon_status` FROM `wp_member_public_link` WHERE ( `uid` = 1 ) AND ( `mp_id` = 110 ) LIMIT 1   [ RunTime:0.000110s ]
SQL: SELECT COUNT(*) AS tp_count FROM `wp_addons` WHERE ( `type` = 1 ) LIMIT 1   [ RunTime:0.000118s ]
INFO: [ view_begin ] --START--
INFO: [ view_begin ] --END-- [ RunTime:0.000027s ]
INFO: [ view_parse ] --START--
INFO: [ template_filter ] --START--
INFO: Run Behavior\ContentReplace [ RunTime:0.000193s ]
INFO: [ template_filter ] --END-- [ RunTime:0.000302s ]
NOTIC: [8] Undefined index: _addons /var/www/html/gogoda/Runtime/Cache/Home/413161ce60857f3111b8e40283dda29e.php 第 91 行.
SQL: SHOW COLUMNS FROM `wp_addons` [ RunTime:0.000800s ]
SQL: SELECT * FROM `wp_addons` WHERE ( `status` = 1 ) AND ( `type` = 1 )  [ RunTime:0.000254s ]
SQL: SELECT * FROM `wp_member_public` WHERE ( `token` = 'gh_27301bccb213' ) LIMIT 1   [ RunTime:0.000162s ]
SQL: SELECT `addon_status` FROM `wp_member_public_link` WHERE ( `uid` = 1 ) AND ( `mp_id` = 110 ) LIMIT 1   [ RunTime:0.000147s ]
NOTIC: [8] Undefined variable: addons /var/www/html/gogoda/Application/Common/Common/function.php 第 429 行.
NOTIC: [8] Undefined variable: addons /var/www/html/gogoda/Application/Common/Common/function.php 第 429 行.
NOTIC: [8] Undefined variable: addons /var/www/html/gogoda/Application/Common/Common/function.php 第 429 行.
NOTIC: [8] Undefined variable: addons /var/www/html/gogoda/Application/Common/Common/function.php 第 429 行.
NOTIC: [8] Undefined variable: addons /var/www/html/gogoda/Application/Common/Common/function.php 第 429 行.
NOTIC: [8] Undefined variable: addons /var/www/html/gogoda/Application/Common/Common/function.php 第 429 行.
NOTIC: [8] Undefined variable: addons /var/www/html/gogoda/Application/Common/Common/function.php 第 429 行.
NOTIC: [8] Undefined variable: addons /var/www/html/gogoda/Application/Common/Common/function.php 第 429 行.
NOTIC: [8] Undefined variable: addons /var/www/html/gogoda/Application/Common/Common/function.php 第 429 行.
NOTIC: [8] Undefined variable: addons /var/www/html/gogoda/Application/Common/Common/function.php 第 429 行.
NOTIC: [8] Undefined variable: addons /var/www/html/gogoda/Application/Common/Common/function.php 第 429 行.
NOTIC: [8] Undefined variable: addons /var/www/html/gogoda/Application/Common/Common/function.php 第 429 行.
NOTIC: [8] Undefined variable: addons /var/www/html/gogoda/Application/Common/Common/function.php 第 429 行.
NOTIC: [8] Undefined variable: addons /var/www/html/gogoda/Application/Common/Common/function.php 第 429 行.
NOTIC: [8] Undefined variable: addons /var/www/html/gogoda/Application/Common/Common/function.php 第 429 行.
NOTIC: [8] Undefined variable: addons /var/www/html/gogoda/Application/Common/Common/function.php 第 429 行.
NOTIC: [8] Undefined variable: addons /var/www/html/gogoda/Application/Common/Common/function.php 第 429 行.
NOTIC: [8] Undefined variable: addons /var/www/html/gogoda/Application/Common/Common/function.php 第 429 行.
NOTIC: [8] Undefined variable: addons /var/www/html/gogoda/Application/Common/Common/function.php 第 429 行.
NOTIC: [8] Undefined variable: addons /var/www/html/gogoda/Application/Common/Common/function.php 第 429 行.
NOTIC: [8] Undefined variable: addons /var/www/html/gogoda/Application/Common/Common/function.php 第 429 行.
NOTIC: [8] Undefined variable: addons /var/www/html/gogoda/Application/Common/Common/function.php 第 429 行.
NOTIC: [8] Undefined variable: addons /var/www/html/gogoda/Application/Common/Common/function.php 第 429 行.
NOTIC: [8] Undefined variable: addons /var/www/html/gogoda/Application/Common/Common/function.php 第 429 行.
NOTIC: [8] Undefined variable: addons /var/www/html/gogoda/Application/Common/Common/function.php 第 429 行.
SQL: SHOW COLUMNS FROM `wp_addon_category` [ RunTime:0.000505s ]
SQL: SELECT * FROM `wp_addon_category` ORDER BY sort asc, id desc  [ RunTime:0.000147s ]
NOTIC: [8] Undefined index: home_memberpublic_lists /var/www/html/gogoda/Runtime/Cache/Home/413161ce60857f3111b8e40283dda29e.php 第 98 行.
NOTIC: [8] Undefined index: home_creditconfig_lists /var/www/html/gogoda/Runtime/Cache/Home/413161ce60857f3111b8e40283dda29e.php 第 100 行.
NOTIC: [8] Undefined index: home_keyword_lists /var/www/html/gogoda/Runtime/Cache/Home/413161ce60857f3111b8e40283dda29e.php 第 101 行.
NOTIC: [8] Use of undefined constant name - assumed 'name' /var/www/html/gogoda/Runtime/Cache/Home/413161ce60857f3111b8e40283dda29e.php 第 108 行.
NOTIC: [8] Undefined index: Chat /var/www/html/gogoda/Runtime/Cache/Home/413161ce60857f3111b8e40283dda29e.php 第 108 行.
NOTIC: [8] Use of undefined constant addons_url - assumed 'addons_url' /var/www/html/gogoda/Runtime/Cache/Home/413161ce60857f3111b8e40283dda29e.php 第 108 行.
NOTIC: [8] Use of undefined constant name - assumed 'name' /var/www/html/gogoda/Runtime/Cache/Home/413161ce60857f3111b8e40283dda29e.php 第 108 行.
NOTIC: [8] Undefined index: Wecome /var/www/html/gogoda/Runtime/Cache/Home/413161ce60857f3111b8e40283dda29e.php 第 108 行.
NOTIC: [8] Use of undefined constant addons_url - assumed 'addons_url' /var/www/html/gogoda/Runtime/Cache/Home/413161ce60857f3111b8e40283dda29e.php 第 108 行.
NOTIC: [8] Use of undefined constant name - assumed 'name' /var/www/html/gogoda/Runtime/Cache/Home/413161ce60857f3111b8e40283dda29e.php 第 108 行.
NOTIC: [8] Undefined index: UserCenter /var/www/html/gogoda/Runtime/Cache/Home/413161ce60857f3111b8e40283dda29e.php 第 108 行.
NOTIC: [8] Use of undefined constant addons_url - assumed 'addons_url' /var/www/html/gogoda/Runtime/Cache/Home/413161ce60857f3111b8e40283dda29e.php 第 108 行.
NOTIC: [8] Use of undefined constant name - assumed 'name' /var/www/html/gogoda/Runtime/Cache/Home/413161ce60857f3111b8e40283dda29e.php 第 108 行.
NOTIC: [8] Undefined index: CustomMenu /var/www/html/gogoda/Runtime/Cache/Home/413161ce60857f3111b8e40283dda29e.php 第 108 行.
NOTIC: [8] Use of undefined constant addons_url - assumed 'addons_url' /var/www/html/gogoda/Runtime/Cache/Home/413161ce60857f3111b8e40283dda29e.php 第 108 行.
NOTIC: [8] Use of undefined constant name - assumed 'name' /var/www/html/gogoda/Runtime/Cache/Home/413161ce60857f3111b8e40283dda29e.php 第 108 行.
NOTIC: [8] Undefined index: Robot /var/www/html/gogoda/Runtime/Cache/Home/413161ce60857f3111b8e40283dda29e.php 第 108 行.
NOTIC: [8] Use of undefined constant addons_url - assumed 'addons_url' /var/www/html/gogoda/Runtime/Cache/Home/413161ce60857f3111b8e40283dda29e.php 第 108 行.
NOTIC: [8] Use of undefined constant name - assumed 'name' /var/www/html/gogoda/Runtime/Cache/Home/413161ce60857f3111b8e40283dda29e.php 第 108 行.
NOTIC: [8] Undefined index: Card /var/www/html/gogoda/Runtime/Cache/Home/413161ce60857f3111b8e40283dda29e.php 第 108 行.
NOTIC: [8] Use of undefined constant addons_url - assumed 'addons_url' /var/www/html/gogoda/Runtime/Cache/Home/413161ce60857f3111b8e40283dda29e.php 第 108 行.
NOTIC: [8] Use of undefined constant name - assumed 'name' /var/www/html/gogoda/Runtime/Cache/Home/413161ce60857f3111b8e40283dda29e.php 第 108 行.
NOTIC: [8] Undefined index: Leaflets /var/www/html/gogoda/Runtime/Cache/Home/413161ce60857f3111b8e40283dda29e.php 第 108 行.
NOTIC: [8] Use of undefined constant addons_url - assumed 'addons_url' /var/www/html/gogoda/Runtime/Cache/Home/413161ce60857f3111b8e40283dda29e.php 第 108 行.
NOTIC: [8] Use of undefined constant name - assumed 'name' /var/www/html/gogoda/Runtime/Cache/Home/413161ce60857f3111b8e40283dda29e.php 第 108 行.
NOTIC: [8] Undefined index: CustomReply /var/www/html/gogoda/Runtime/Cache/Home/413161ce60857f3111b8e40283dda29e.php 第 108 行.
NOTIC: [8] Use of undefined constant addons_url - assumed 'addons_url' /var/www/html/gogoda/Runtime/Cache/Home/413161ce60857f3111b8e40283dda29e.php 第 108 行.
NOTIC: [8] Use of undefined constant name - assumed 'name' /var/www/html/gogoda/Runtime/Cache/Home/413161ce60857f3111b8e40283dda29e.php 第 108 行.
NOTIC: [8] Undefined index: Tongji /var/www/html/gogoda/Runtime/Cache/Home/413161ce60857f3111b8e40283dda29e.php 第 108 行.
NOTIC: [8] Use of undefined constant addons_url - assumed 'addons_url' /var/www/html/gogoda/Runtime/Cache/Home/413161ce60857f3111b8e40283dda29e.php 第 108 行.
NOTIC: [8] Use of undefined constant name - assumed 'name' /var/www/html/gogoda/Runtime/Cache/Home/413161ce60857f3111b8e40283dda29e.php 第 108 行.
NOTIC: [8] Undefined index: Vote /var/www/html/gogoda/Runtime/Cache/Home/413161ce60857f3111b8e40283dda29e.php 第 108 行.
NOTIC: [8] Use of undefined constant addons_url - assumed 'addons_url' /var/www/html/gogoda/Runtime/Cache/Home/413161ce60857f3111b8e40283dda29e.php 第 108 行.
NOTIC: [8] Use of undefined constant name - assumed 'name' /var/www/html/gogoda/Runtime/Cache/Home/413161ce60857f3111b8e40283dda29e.php 第 108 行.
NOTIC: [8] Undefined index: Suggestions /var/www/html/gogoda/Runtime/Cache/Home/413161ce60857f3111b8e40283dda29e.php 第 108 行.
NOTIC: [8] Use of undefined constant addons_url - assumed 'addons_url' /var/www/html/gogoda/Runtime/Cache/Home/413161ce60857f3111b8e40283dda29e.php 第 108 行.
NOTIC: [8] Use of undefined constant name - assumed 'name' /var/www/html/gogoda/Runtime/Cache/Home/413161ce60857f3111b8e40283dda29e.php 第 108 行.
NOTIC: [8] Undefined index: Survey /var/www/html/gogoda/Runtime/Cache/Home/413161ce60857f3111b8e40283dda29e.php 第 108 行.
NOTIC: [8] Use of undefined constant addons_url - assumed 'addons_url' /var/www/html/gogoda/Runtime/Cache/Home/413161ce60857f3111b8e40283dda29e.php 第 108 行.
NOTIC: [8] Use of undefined constant name - assumed 'name' /var/www/html/gogoda/Runtime/Cache/Home/413161ce60857f3111b8e40283dda29e.php 第 108 行.
NOTIC: [8] Undefined index: Test /var/www/html/gogoda/Runtime/Cache/Home/413161ce60857f3111b8e40283dda29e.php 第 108 行.
NOTIC: [8] Use of undefined constant addons_url - assumed 'addons_url' /var/www/html/gogoda/Runtime/Cache/Home/413161ce60857f3111b8e40283dda29e.php 第 108 行.
NOTIC: [8] Use of undefined constant name - assumed 'name' /var/www/html/gogoda/Runtime/Cache/Home/413161ce60857f3111b8e40283dda29e.php 第 108 行.
NOTIC: [8] Undefined index: Coupon /var/www/html/gogoda/Runtime/Cache/Home/413161ce60857f3111b8e40283dda29e.php 第 108 行.
NOTIC: [8] Use of undefined constant addons_url - assumed 'addons_url' /var/www/html/gogoda/Runtime/Cache/Home/413161ce60857f3111b8e40283dda29e.php 第 108 行.
NOTIC: [8] Use of undefined constant name - assumed 'name' /var/www/html/gogoda/Runtime/Cache/Home/413161ce60857f3111b8e40283dda29e.php 第 108 行.
NOTIC: [8] Undefined index: Scratch /var/www/html/gogoda/Runtime/Cache/Home/413161ce60857f3111b8e40283dda29e.php 第 108 行.
NOTIC: [8] Use of undefined constant addons_url - assumed 'addons_url' /var/www/html/gogoda/Runtime/Cache/Home/413161ce60857f3111b8e40283dda29e.php 第 108 行.
NOTIC: [8] Use of undefined constant name - assumed 'name' /var/www/html/gogoda/Runtime/Cache/Home/413161ce60857f3111b8e40283dda29e.php 第 108 行.
NOTIC: [8] Undefined index: terryTest1 /var/www/html/gogoda/Runtime/Cache/Home/413161ce60857f3111b8e40283dda29e.php 第 108 行.
NOTIC: [8] Use of undefined constant addons_url - assumed 'addons_url' /var/www/html/gogoda/Runtime/Cache/Home/413161ce60857f3111b8e40283dda29e.php 第 108 行.
NOTIC: [8] Use of undefined constant name - assumed 'name' /var/www/html/gogoda/Runtime/Cache/Home/413161ce60857f3111b8e40283dda29e.php 第 108 行.
NOTIC: [8] Undefined index: Investigation /var/www/html/gogoda/Runtime/Cache/Home/413161ce60857f3111b8e40283dda29e.php 第 108 行.
NOTIC: [8] Use of undefined constant addons_url - assumed 'addons_url' /var/www/html/gogoda/Runtime/Cache/Home/413161ce60857f3111b8e40283dda29e.php 第 108 行.
NOTIC: [8] Use of undefined constant name - assumed 'name' /var/www/html/gogoda/Runtime/Cache/Home/413161ce60857f3111b8e40283dda29e.php 第 108 行.
NOTIC: [8] Undefined index: Exam /var/www/html/gogoda/Runtime/Cache/Home/413161ce60857f3111b8e40283dda29e.php 第 108 行.
NOTIC: [8] Use of undefined constant addons_url - assumed 'addons_url' /var/www/html/gogoda/Runtime/Cache/Home/413161ce60857f3111b8e40283dda29e.php 第 108 行.
NOTIC: [8] Use of undefined constant name - assumed 'name' /var/www/html/gogoda/Runtime/Cache/Home/413161ce60857f3111b8e40283dda29e.php 第 108 行.
NOTIC: [8] Undefined index: Extensions /var/www/html/gogoda/Runtime/Cache/Home/413161ce60857f3111b8e40283dda29e.php 第 108 行.
NOTIC: [8] Use of undefined constant addons_url - assumed 'addons_url' /var/www/html/gogoda/Runtime/Cache/Home/413161ce60857f3111b8e40283dda29e.php 第 108 行.
NOTIC: [8] Use of undefined constant name - assumed 'name' /var/www/html/gogoda/Runtime/Cache/Home/413161ce60857f3111b8e40283dda29e.php 第 108 行.
NOTIC: [8] Undefined index: WeiSite /var/www/html/gogoda/Runtime/Cache/Home/413161ce60857f3111b8e40283dda29e.php 第 108 行.
NOTIC: [8] Use of undefined constant addons_url - assumed 'addons_url' /var/www/html/gogoda/Runtime/Cache/Home/413161ce60857f3111b8e40283dda29e.php 第 108 行.
NOTIC: [8] Use of undefined constant name - assumed 'name' /var/www/html/gogoda/Runtime/Cache/Home/413161ce60857f3111b8e40283dda29e.php 第 108 行.
NOTIC: [8] Undefined index: Forms /var/www/html/gogoda/Runtime/Cache/Home/413161ce60857f3111b8e40283dda29e.php 第 108 行.
NOTIC: [8] Use of undefined constant addons_url - assumed 'addons_url' /var/www/html/gogoda/Runtime/Cache/Home/413161ce60857f3111b8e40283dda29e.php 第 108 行.
NOTIC: [8] Use of undefined constant name - assumed 'name' /var/www/html/gogoda/Runtime/Cache/Home/413161ce60857f3111b8e40283dda29e.php 第 108 行.
NOTIC: [8] Undefined index: Diy /var/www/html/gogoda/Runtime/Cache/Home/413161ce60857f3111b8e40283dda29e.php 第 108 行.
NOTIC: [8] Use of undefined constant addons_url - assumed 'addons_url' /var/www/html/gogoda/Runtime/Cache/Home/413161ce60857f3111b8e40283dda29e.php 第 108 行.
NOTIC: [8] Use of undefined constant name - assumed 'name' /var/www/html/gogoda/Runtime/Cache/Home/413161ce60857f3111b8e40283dda29e.php 第 108 行.
NOTIC: [8] Undefined index: Juhe /var/www/html/gogoda/Runtime/Cache/Home/413161ce60857f3111b8e40283dda29e.php 第 108 行.
NOTIC: [8] Use of undefined constant addons_url - assumed 'addons_url' /var/www/html/gogoda/Runtime/Cache/Home/413161ce60857f3111b8e40283dda29e.php 第 108 行.
NOTIC: [8] Use of undefined constant name - assumed 'name' /var/www/html/gogoda/Runtime/Cache/Home/413161ce60857f3111b8e40283dda29e.php 第 108 行.
NOTIC: [8] Undefined index: Physique /var/www/html/gogoda/Runtime/Cache/Home/413161ce60857f3111b8e40283dda29e.php 第 108 行.
NOTIC: [8] Use of undefined constant addons_url - assumed 'addons_url' /var/www/html/gogoda/Runtime/Cache/Home/413161ce60857f3111b8e40283dda29e.php 第 108 行.
NOTIC: [8] Use of undefined constant name - assumed 'name' /var/www/html/gogoda/Runtime/Cache/Home/413161ce60857f3111b8e40283dda29e.php 第 117 行.
NOTIC: [8] Undefined index: HelloWorld /var/www/html/gogoda/Runtime/Cache/Home/413161ce60857f3111b8e40283dda29e.php 第 117 行.
NOTIC: [8] Use of undefined constant addons_url - assumed 'addons_url' /var/www/html/gogoda/Runtime/Cache/Home/413161ce60857f3111b8e40283dda29e.php 第 117 行.
NOTIC: [8] Undefined variable: model /var/www/html/gogoda/Runtime/Cache/Home/413161ce60857f3111b8e40283dda29e.php 第 147 行.
INFO: [ pageFooter ] --START--
SQL: SELECT `addon_config` FROM `wp_member_public` WHERE ( `token` = 'gh_27301bccb213' ) LIMIT 1   [ RunTime:0.000322s ]
SQL: SHOW COLUMNS FROM `wp_addons` [ RunTime:0.000602s ]
SQL: SELECT `config` FROM `wp_addons` WHERE ( `name` = 'BaiduStatistics' ) AND ( `status` = 1 ) LIMIT 1   [ RunTime:0.000178s ]
INFO: Run BaiduStatistics [ RunTime:0.002364s ]
INFO: [ pageFooter ] --END-- [ RunTime:0.002427s ]
INFO: Run Behavior\ParseTemplate [ RunTime:0.032548s ]
INFO: [ view_parse ] --END-- [ RunTime:0.032598s ]
INFO: [ view_filter ] --START--
INFO: Run Behavior\WriteHtmlCache [ RunTime:0.000019s ]
INFO: [ view_filter ] --END-- [ RunTime:0.000069s ]
INFO: [ view_end ] --START--
INFO: [ view_end ] --END-- [ RunTime:0.000091s ]
INFO: [ app_end ] --START--
INFO: Run Behavior\ShowPageTrace [ RunTime:0.000043s ]
INFO: [ app_end ] --END-- [ RunTime:0.000090s ]

[ 2014-10-11T10:03:28+08:00 ] 110.185.13.183 /gogoda/index.php?s=/addon/Physique/Physique/lists.html
NOTIC: [8] Undefined index: uid /var/www/html/gogoda/ThinkPHP/Library/Think/Controller.class.php 第 127 行.
SQL: SELECT * FROM `wp_member_public_link` WHERE ( uid=1 ) ORDER BY is_use desc  [ RunTime:0.000233s ]
SQL: SELECT * FROM `wp_member_public` WHERE ( `id` IN ('110') ) ORDER BY FIND_IN_SET(id,"110")  [ RunTime:0.000224s ]
SQL: SHOW COLUMNS FROM `wp_addons` [ RunTime:0.000455s ]
SQL: SELECT * FROM `wp_addons` WHERE ( `name` = 'Physique' ) LIMIT 1   [ RunTime:0.000202s ]
NOTIC: [8] Undefined index: query /var/www/html/gogoda/ThinkPHP/Common/functions.php 第 681 行.
SQL: SHOW COLUMNS FROM `wp_tongji` [ RunTime:0.000329s ]
SQL: SELECT * FROM `wp_tongji` WHERE ( `token` = 'gh_27301bccb213' ) AND ( `day` = 20141011 ) LIMIT 1   [ RunTime:0.000196s ]
SQL: UPDATE `wp_tongji` SET `content`='a:2:{s:8:\"Physique\";i:7;s:4:\"Vote\";i:1;}' WHERE ( `token` = 'gh_27301bccb213' ) AND ( `day` = 20141011 ) [ RunTime:0.000306s ]
NOTIC: [2048] Declaration of Addons\Physique\Controller\PhysiqueController::lists() should be compatible with that of Home\Controller\AddonsController::lists() /var/www/html/gogoda/Addons/Physique/Controller/PhysiqueController.class.php 第 169 行.
NOTIC: [2048] Declaration of Addons\Physique\Controller\PhysiqueController::edit() should be compatible with that of Home\Controller\AddonsController::edit() /var/www/html/gogoda/Addons/Physique/Controller/PhysiqueController.class.php 第 169 行.
NOTIC: [2048] Declaration of Addons\Physique\Controller\PhysiqueController::add() should be compatible with that of Home\Controller\AddonsController::add() /var/www/html/gogoda/Addons/Physique/Controller/PhysiqueController.class.php 第 169 行.
NOTIC: [2048] Declaration of Addons\Physique\Controller\PhysiqueController::del() should be compatible with that of Home\Controller\AddonsController::del() /var/www/html/gogoda/Addons/Physique/Controller/PhysiqueController.class.php 第 169 行.
INFO: [ action_begin ] --START--
INFO: [ action_begin ] --END-- [ RunTime:-0.033894s ]
SQL: SELECT `public_name` FROM `wp_member_public` WHERE ( `token` = 'gh_27301bccb213' ) LIMIT 1   [ RunTime:0.000122s ]
SQL: SELECT * FROM `wp_member_public` WHERE ( `token` = 'gh_27301bccb213' ) LIMIT 1   [ RunTime:0.000135s ]
SQL: SELECT `addon_status` FROM `wp_member_public_link` WHERE ( `uid` = 1 ) AND ( `mp_id` = 110 ) LIMIT 1   [ RunTime:0.000169s ]
NOTIC: [8] Undefined variable: addons /var/www/html/gogoda/Application/Common/Common/function.php 第 429 行.
NOTIC: [8] Undefined variable: addons /var/www/html/gogoda/Application/Common/Common/function.php 第 429 行.
NOTIC: [8] Undefined index: uid /var/www/html/gogoda/ThinkPHP/Library/Think/Controller.class.php 第 127 行.
SQL: SELECT * FROM `wp_member_public_link` WHERE ( uid=1 ) ORDER BY is_use desc  [ RunTime:0.000163s ]
SQL: SELECT * FROM `wp_member_public` WHERE ( `id` IN ('110') ) ORDER BY FIND_IN_SET(id,"110")  [ RunTime:0.000196s ]
SQL: SHOW COLUMNS FROM `wp_model` [ RunTime:0.000601s ]
SQL: SELECT * FROM `wp_model` WHERE ( `name` = 'physique_question' ) LIMIT 1   [ RunTime:0.000172s ]
SQL: SHOW COLUMNS FROM `wp_attribute` [ RunTime:0.000619s ]
SQL: SELECT `name` FROM `wp_attribute` WHERE ( model_id=103 )  [ RunTime:0.000316s ]
SQL: SELECT * FROM `wp_model` WHERE ( `id` = 103 ) LIMIT 1   [ RunTime:0.000153s ]
SQL: SHOW COLUMNS FROM `wp_physique_question` [ RunTime:0.000278s ]
SQL: SELECT `title`,`answer`,`id` FROM `wp_physique_question` ORDER BY id desc LIMIT 0,10   [ RunTime:0.000167s ]
SQL: SELECT COUNT(*) AS tp_count FROM `wp_physique_question` LIMIT 1   [ RunTime:0.000151s ]
NOTIC: [8] Undefined index: query /var/www/html/gogoda/ThinkPHP/Common/functions.php 第 681 行.
INFO: [ view_begin ] --START--
INFO: [ view_begin ] --END-- [ RunTime:0.000023s ]
INFO: [ view_parse ] --START--
INFO: [ template_filter ] --START--
INFO: Run Behavior\ContentReplace [ RunTime:0.000185s ]
INFO: [ template_filter ] --END-- [ RunTime:0.000274s ]
SQL: SHOW COLUMNS FROM `wp_addons` [ RunTime:0.000662s ]
SQL: SELECT * FROM `wp_addons` WHERE ( `status` = 1 ) AND ( `type` = 1 )  [ RunTime:0.000240s ]
SQL: SELECT * FROM `wp_member_public` WHERE ( `token` = 'gh_27301bccb213' ) LIMIT 1   [ RunTime:0.000191s ]
SQL: SELECT `addon_status` FROM `wp_member_public_link` WHERE ( `uid` = 1 ) AND ( `mp_id` = 110 ) LIMIT 1   [ RunTime:0.000146s ]
NOTIC: [8] Undefined variable: addons /var/www/html/gogoda/Application/Common/Common/function.php 第 429 行.
NOTIC: [8] Undefined variable: addons /var/www/html/gogoda/Application/Common/Common/function.php 第 429 行.
NOTIC: [8] Undefined variable: addons /var/www/html/gogoda/Application/Common/Common/function.php 第 429 行.
NOTIC: [8] Undefined variable: addons /var/www/html/gogoda/Application/Common/Common/function.php 第 429 行.
NOTIC: [8] Undefined variable: addons /var/www/html/gogoda/Application/Common/Common/function.php 第 429 行.
NOTIC: [8] Undefined variable: addons /var/www/html/gogoda/Application/Common/Common/function.php 第 429 行.
NOTIC: [8] Undefined variable: addons /var/www/html/gogoda/Application/Common/Common/function.php 第 429 行.
NOTIC: [8] Undefined variable: addons /var/www/html/gogoda/Application/Common/Common/function.php 第 429 行.
NOTIC: [8] Undefined variable: addons /var/www/html/gogoda/Application/Common/Common/function.php 第 429 行.
NOTIC: [8] Undefined variable: addons /var/www/html/gogoda/Application/Common/Common/function.php 第 429 行.
NOTIC: [8] Undefined variable: addons /var/www/html/gogoda/Application/Common/Common/function.php 第 429 行.
NOTIC: [8] Undefined variable: addons /var/www/html/gogoda/Application/Common/Common/function.php 第 429 行.
NOTIC: [8] Undefined variable: addons /var/www/html/gogoda/Application/Common/Common/function.php 第 429 行.
NOTIC: [8] Undefined variable: addons /var/www/html/gogoda/Application/Common/Common/function.php 第 429 行.
NOTIC: [8] Undefined variable: addons /var/www/html/gogoda/Application/Common/Common/function.php 第 429 行.
NOTIC: [8] Undefined variable: addons /var/www/html/gogoda/Application/Common/Common/function.php 第 429 行.
NOTIC: [8] Undefined variable: addons /var/www/html/gogoda/Application/Common/Common/function.php 第 429 行.
NOTIC: [8] Undefined variable: addons /var/www/html/gogoda/Application/Common/Common/function.php 第 429 行.
NOTIC: [8] Undefined variable: addons /var/www/html/gogoda/Application/Common/Common/function.php 第 429 行.
NOTIC: [8] Undefined variable: addons /var/www/html/gogoda/Application/Common/Common/function.php 第 429 行.
NOTIC: [8] Undefined variable: addons /var/www/html/gogoda/Application/Common/Common/function.php 第 429 行.
NOTIC: [8] Undefined variable: addons /var/www/html/gogoda/Application/Common/Common/function.php 第 429 行.
NOTIC: [8] Undefined variable: addons /var/www/html/gogoda/Application/Common/Common/function.php 第 429 行.
NOTIC: [8] Undefined variable: addons /var/www/html/gogoda/Application/Common/Common/function.php 第 429 行.
NOTIC: [8] Undefined variable: addons /var/www/html/gogoda/Application/Common/Common/function.php 第 429 行.
SQL: SHOW COLUMNS FROM `wp_addon_category` [ RunTime:0.000356s ]
SQL: SELECT * FROM `wp_addon_category` ORDER BY sort asc, id desc  [ RunTime:0.000188s ]
NOTIC: [8] Undefined index: home_memberpublic_lists /var/www/html/gogoda/Runtime/Cache/Home/387e1e11b9e3bfcbf3ff3caee77639d6.php 第 98 行.
NOTIC: [8] Undefined index: home_index_main /var/www/html/gogoda/Runtime/Cache/Home/387e1e11b9e3bfcbf3ff3caee77639d6.php 第 99 行.
NOTIC: [8] Undefined index: home_creditconfig_lists /var/www/html/gogoda/Runtime/Cache/Home/387e1e11b9e3bfcbf3ff3caee77639d6.php 第 100 行.
NOTIC: [8] Undefined index: home_keyword_lists /var/www/html/gogoda/Runtime/Cache/Home/387e1e11b9e3bfcbf3ff3caee77639d6.php 第 101 行.
NOTIC: [8] Use of undefined constant name - assumed 'name' /var/www/html/gogoda/Runtime/Cache/Home/387e1e11b9e3bfcbf3ff3caee77639d6.php 第 108 行.
NOTIC: [8] Undefined index: Chat /var/www/html/gogoda/Runtime/Cache/Home/387e1e11b9e3bfcbf3ff3caee77639d6.php 第 108 行.
NOTIC: [8] Use of undefined constant addons_url - assumed 'addons_url' /var/www/html/gogoda/Runtime/Cache/Home/387e1e11b9e3bfcbf3ff3caee77639d6.php 第 108 行.
NOTIC: [8] Use of undefined constant name - assumed 'name' /var/www/html/gogoda/Runtime/Cache/Home/387e1e11b9e3bfcbf3ff3caee77639d6.php 第 108 行.
NOTIC: [8] Undefined index: Wecome /var/www/html/gogoda/Runtime/Cache/Home/387e1e11b9e3bfcbf3ff3caee77639d6.php 第 108 行.
NOTIC: [8] Use of undefined constant addons_url - assumed 'addons_url' /var/www/html/gogoda/Runtime/Cache/Home/387e1e11b9e3bfcbf3ff3caee77639d6.php 第 108 行.
NOTIC: [8] Use of undefined constant name - assumed 'name' /var/www/html/gogoda/Runtime/Cache/Home/387e1e11b9e3bfcbf3ff3caee77639d6.php 第 108 行.
NOTIC: [8] Undefined index: UserCenter /var/www/html/gogoda/Runtime/Cache/Home/387e1e11b9e3bfcbf3ff3caee77639d6.php 第 108 行.
NOTIC: [8] Use of undefined constant addons_url - assumed 'addons_url' /var/www/html/gogoda/Runtime/Cache/Home/387e1e11b9e3bfcbf3ff3caee77639d6.php 第 108 行.
NOTIC: [8] Use of undefined constant name - assumed 'name' /var/www/html/gogoda/Runtime/Cache/Home/387e1e11b9e3bfcbf3ff3caee77639d6.php 第 108 行.
NOTIC: [8] Undefined index: CustomMenu /var/www/html/gogoda/Runtime/Cache/Home/387e1e11b9e3bfcbf3ff3caee77639d6.php 第 108 行.
NOTIC: [8] Use of undefined constant addons_url - assumed 'addons_url' /var/www/html/gogoda/Runtime/Cache/Home/387e1e11b9e3bfcbf3ff3caee77639d6.php 第 108 行.
NOTIC: [8] Use of undefined constant name - assumed 'name' /var/www/html/gogoda/Runtime/Cache/Home/387e1e11b9e3bfcbf3ff3caee77639d6.php 第 108 行.
NOTIC: [8] Undefined index: Robot /var/www/html/gogoda/Runtime/Cache/Home/387e1e11b9e3bfcbf3ff3caee77639d6.php 第 108 行.
NOTIC: [8] Use of undefined constant addons_url - assumed 'addons_url' /var/www/html/gogoda/Runtime/Cache/Home/387e1e11b9e3bfcbf3ff3caee77639d6.php 第 108 行.
NOTIC: [8] Use of undefined constant name - assumed 'name' /var/www/html/gogoda/Runtime/Cache/Home/387e1e11b9e3bfcbf3ff3caee77639d6.php 第 108 行.
NOTIC: [8] Undefined index: Card /var/www/html/gogoda/Runtime/Cache/Home/387e1e11b9e3bfcbf3ff3caee77639d6.php 第 108 行.
NOTIC: [8] Use of undefined constant addons_url - assumed 'addons_url' /var/www/html/gogoda/Runtime/Cache/Home/387e1e11b9e3bfcbf3ff3caee77639d6.php 第 108 行.
NOTIC: [8] Use of undefined constant name - assumed 'name' /var/www/html/gogoda/Runtime/Cache/Home/387e1e11b9e3bfcbf3ff3caee77639d6.php 第 108 行.
NOTIC: [8] Undefined index: Leaflets /var/www/html/gogoda/Runtime/Cache/Home/387e1e11b9e3bfcbf3ff3caee77639d6.php 第 108 行.
NOTIC: [8] Use of undefined constant addons_url - assumed 'addons_url' /var/www/html/gogoda/Runtime/Cache/Home/387e1e11b9e3bfcbf3ff3caee77639d6.php 第 108 行.
NOTIC: [8] Use of undefined constant name - assumed 'name' /var/www/html/gogoda/Runtime/Cache/Home/387e1e11b9e3bfcbf3ff3caee77639d6.php 第 108 行.
NOTIC: [8] Undefined index: CustomReply /var/www/html/gogoda/Runtime/Cache/Home/387e1e11b9e3bfcbf3ff3caee77639d6.php 第 108 行.
NOTIC: [8] Use of undefined constant addons_url - assumed 'addons_url' /var/www/html/gogoda/Runtime/Cache/Home/387e1e11b9e3bfcbf3ff3caee77639d6.php 第 108 行.
NOTIC: [8] Use of undefined constant name - assumed 'name' /var/www/html/gogoda/Runtime/Cache/Home/387e1e11b9e3bfcbf3ff3caee77639d6.php 第 108 行.
NOTIC: [8] Undefined index: Tongji /var/www/html/gogoda/Runtime/Cache/Home/387e1e11b9e3bfcbf3ff3caee77639d6.php 第 108 行.
NOTIC: [8] Use of undefined constant addons_url - assumed 'addons_url' /var/www/html/gogoda/Runtime/Cache/Home/387e1e11b9e3bfcbf3ff3caee77639d6.php 第 108 行.
NOTIC: [8] Use of undefined constant name - assumed 'name' /var/www/html/gogoda/Runtime/Cache/Home/387e1e11b9e3bfcbf3ff3caee77639d6.php 第 108 行.
NOTIC: [8] Undefined index: Vote /var/www/html/gogoda/Runtime/Cache/Home/387e1e11b9e3bfcbf3ff3caee77639d6.php 第 108 行.
NOTIC: [8] Use of undefined constant addons_url - assumed 'addons_url' /var/www/html/gogoda/Runtime/Cache/Home/387e1e11b9e3bfcbf3ff3caee77639d6.php 第 108 行.
NOTIC: [8] Use of undefined constant name - assumed 'name' /var/www/html/gogoda/Runtime/Cache/Home/387e1e11b9e3bfcbf3ff3caee77639d6.php 第 108 行.
NOTIC: [8] Undefined index: Suggestions /var/www/html/gogoda/Runtime/Cache/Home/387e1e11b9e3bfcbf3ff3caee77639d6.php 第 108 行.
NOTIC: [8] Use of undefined constant addons_url - assumed 'addons_url' /var/www/html/gogoda/Runtime/Cache/Home/387e1e11b9e3bfcbf3ff3caee77639d6.php 第 108 行.
NOTIC: [8] Use of undefined constant name - assumed 'name' /var/www/html/gogoda/Runtime/Cache/Home/387e1e11b9e3bfcbf3ff3caee77639d6.php 第 108 行.
NOTIC: [8] Undefined index: Survey /var/www/html/gogoda/Runtime/Cache/Home/387e1e11b9e3bfcbf3ff3caee77639d6.php 第 108 行.
NOTIC: [8] Use of undefined constant addons_url - assumed 'addons_url' /var/www/html/gogoda/Runtime/Cache/Home/387e1e11b9e3bfcbf3ff3caee77639d6.php 第 108 行.
NOTIC: [8] Use of undefined constant name - assumed 'name' /var/www/html/gogoda/Runtime/Cache/Home/387e1e11b9e3bfcbf3ff3caee77639d6.php 第 108 行.
NOTIC: [8] Undefined index: Test /var/www/html/gogoda/Runtime/Cache/Home/387e1e11b9e3bfcbf3ff3caee77639d6.php 第 108 行.
NOTIC: [8] Use of undefined constant addons_url - assumed 'addons_url' /var/www/html/gogoda/Runtime/Cache/Home/387e1e11b9e3bfcbf3ff3caee77639d6.php 第 108 行.
NOTIC: [8] Use of undefined constant name - assumed 'name' /var/www/html/gogoda/Runtime/Cache/Home/387e1e11b9e3bfcbf3ff3caee77639d6.php 第 108 行.
NOTIC: [8] Undefined index: Coupon /var/www/html/gogoda/Runtime/Cache/Home/387e1e11b9e3bfcbf3ff3caee77639d6.php 第 108 行.
NOTIC: [8] Use of undefined constant addons_url - assumed 'addons_url' /var/www/html/gogoda/Runtime/Cache/Home/387e1e11b9e3bfcbf3ff3caee77639d6.php 第 108 行.
NOTIC: [8] Use of undefined constant name - assumed 'name' /var/www/html/gogoda/Runtime/Cache/Home/387e1e11b9e3bfcbf3ff3caee77639d6.php 第 108 行.
NOTIC: [8] Undefined index: Scratch /var/www/html/gogoda/Runtime/Cache/Home/387e1e11b9e3bfcbf3ff3caee77639d6.php 第 108 行.
NOTIC: [8] Use of undefined constant addons_url - assumed 'addons_url' /var/www/html/gogoda/Runtime/Cache/Home/387e1e11b9e3bfcbf3ff3caee77639d6.php 第 108 行.
NOTIC: [8] Use of undefined constant name - assumed 'name' /var/www/html/gogoda/Runtime/Cache/Home/387e1e11b9e3bfcbf3ff3caee77639d6.php 第 108 行.
NOTIC: [8] Undefined index: terryTest1 /var/www/html/gogoda/Runtime/Cache/Home/387e1e11b9e3bfcbf3ff3caee77639d6.php 第 108 行.
NOTIC: [8] Use of undefined constant addons_url - assumed 'addons_url' /var/www/html/gogoda/Runtime/Cache/Home/387e1e11b9e3bfcbf3ff3caee77639d6.php 第 108 行.
NOTIC: [8] Use of undefined constant name - assumed 'name' /var/www/html/gogoda/Runtime/Cache/Home/387e1e11b9e3bfcbf3ff3caee77639d6.php 第 108 行.
NOTIC: [8] Undefined index: Investigation /var/www/html/gogoda/Runtime/Cache/Home/387e1e11b9e3bfcbf3ff3caee77639d6.php 第 108 行.
NOTIC: [8] Use of undefined constant addons_url - assumed 'addons_url' /var/www/html/gogoda/Runtime/Cache/Home/387e1e11b9e3bfcbf3ff3caee77639d6.php 第 108 行.
NOTIC: [8] Use of undefined constant name - assumed 'name' /var/www/html/gogoda/Runtime/Cache/Home/387e1e11b9e3bfcbf3ff3caee77639d6.php 第 108 行.
NOTIC: [8] Undefined index: Exam /var/www/html/gogoda/Runtime/Cache/Home/387e1e11b9e3bfcbf3ff3caee77639d6.php 第 108 行.
NOTIC: [8] Use of undefined constant addons_url - assumed 'addons_url' /var/www/html/gogoda/Runtime/Cache/Home/387e1e11b9e3bfcbf3ff3caee77639d6.php 第 108 行.
NOTIC: [8] Use of undefined constant name - assumed 'name' /var/www/html/gogoda/Runtime/Cache/Home/387e1e11b9e3bfcbf3ff3caee77639d6.php 第 108 行.
NOTIC: [8] Undefined index: Extensions /var/www/html/gogoda/Runtime/Cache/Home/387e1e11b9e3bfcbf3ff3caee77639d6.php 第 108 行.
NOTIC: [8] Use of undefined constant addons_url - assumed 'addons_url' /var/www/html/gogoda/Runtime/Cache/Home/387e1e11b9e3bfcbf3ff3caee77639d6.php 第 108 行.
NOTIC: [8] Use of undefined constant name - assumed 'name' /var/www/html/gogoda/Runtime/Cache/Home/387e1e11b9e3bfcbf3ff3caee77639d6.php 第 108 行.
NOTIC: [8] Undefined index: WeiSite /var/www/html/gogoda/Runtime/Cache/Home/387e1e11b9e3bfcbf3ff3caee77639d6.php 第 108 行.
NOTIC: [8] Use of undefined constant addons_url - assumed 'addons_url' /var/www/html/gogoda/Runtime/Cache/Home/387e1e11b9e3bfcbf3ff3caee77639d6.php 第 108 行.
NOTIC: [8] Use of undefined constant name - assumed 'name' /var/www/html/gogoda/Runtime/Cache/Home/387e1e11b9e3bfcbf3ff3caee77639d6.php 第 108 行.
NOTIC: [8] Undefined index: Forms /var/www/html/gogoda/Runtime/Cache/Home/387e1e11b9e3bfcbf3ff3caee77639d6.php 第 108 行.
NOTIC: [8] Use of undefined constant addons_url - assumed 'addons_url' /var/www/html/gogoda/Runtime/Cache/Home/387e1e11b9e3bfcbf3ff3caee77639d6.php 第 108 行.
NOTIC: [8] Use of undefined constant name - assumed 'name' /var/www/html/gogoda/Runtime/Cache/Home/387e1e11b9e3bfcbf3ff3caee77639d6.php 第 108 行.
NOTIC: [8] Undefined index: Diy /var/www/html/gogoda/Runtime/Cache/Home/387e1e11b9e3bfcbf3ff3caee77639d6.php 第 108 行.
NOTIC: [8] Use of undefined constant addons_url - assumed 'addons_url' /var/www/html/gogoda/Runtime/Cache/Home/387e1e11b9e3bfcbf3ff3caee77639d6.php 第 108 行.
NOTIC: [8] Use of undefined constant name - assumed 'name' /var/www/html/gogoda/Runtime/Cache/Home/387e1e11b9e3bfcbf3ff3caee77639d6.php 第 108 行.
NOTIC: [8] Undefined index: Juhe /var/www/html/gogoda/Runtime/Cache/Home/387e1e11b9e3bfcbf3ff3caee77639d6.php 第 108 行.
NOTIC: [8] Use of undefined constant addons_url - assumed 'addons_url' /var/www/html/gogoda/Runtime/Cache/Home/387e1e11b9e3bfcbf3ff3caee77639d6.php 第 108 行.
NOTIC: [8] Use of undefined constant name - assumed 'name' /var/www/html/gogoda/Runtime/Cache/Home/387e1e11b9e3bfcbf3ff3caee77639d6.php 第 108 行.
NOTIC: [8] Use of undefined constant addons_url - assumed 'addons_url' /var/www/html/gogoda/Runtime/Cache/Home/387e1e11b9e3bfcbf3ff3caee77639d6.php 第 108 行.
NOTIC: [8] Use of undefined constant name - assumed 'name' /var/www/html/gogoda/Runtime/Cache/Home/387e1e11b9e3bfcbf3ff3caee77639d6.php 第 117 行.
NOTIC: [8] Undefined index: HelloWorld /var/www/html/gogoda/Runtime/Cache/Home/387e1e11b9e3bfcbf3ff3caee77639d6.php 第 117 行.
NOTIC: [8] Use of undefined constant addons_url - assumed 'addons_url' /var/www/html/gogoda/Runtime/Cache/Home/387e1e11b9e3bfcbf3ff3caee77639d6.php 第 117 行.
NOTIC: [8] Undefined variable: add_url /var/www/html/gogoda/Runtime/Cache/Home/387e1e11b9e3bfcbf3ff3caee77639d6.php 第 143 行.
NOTIC: [8] Undefined variable: del_url /var/www/html/gogoda/Runtime/Cache/Home/387e1e11b9e3bfcbf3ff3caee77639d6.php 第 144 行.
NOTIC: [8] Undefined variable: search_url /var/www/html/gogoda/Runtime/Cache/Home/387e1e11b9e3bfcbf3ff3caee77639d6.php 第 150 行.
NOTIC: [8] Undefined variable: addons /var/www/html/gogoda/Application/Common/Common/function.php 第 429 行.
INFO: [ pageFooter ] --START--
SQL: SELECT `addon_config` FROM `wp_member_public` WHERE ( `token` = 'gh_27301bccb213' ) LIMIT 1   [ RunTime:0.000227s ]
SQL: SELECT `config` FROM `wp_addons` WHERE ( `name` = 'BaiduStatistics' ) AND ( `status` = 1 ) LIMIT 1   [ RunTime:0.000202s ]
INFO: Run BaiduStatistics [ RunTime:0.001366s ]
INFO: [ pageFooter ] --END-- [ RunTime:0.001427s ]
INFO: Run Behavior\ParseTemplate [ RunTime:0.034941s ]
INFO: [ view_parse ] --END-- [ RunTime:0.034994s ]
INFO: [ view_filter ] --START--
INFO: Run Behavior\WriteHtmlCache [ RunTime:0.000034s ]
INFO: [ view_filter ] --END-- [ RunTime:0.000104s ]
INFO: [ view_end ] --START--
INFO: [ view_end ] --END-- [ RunTime:0.000070s ]
INFO: [ app_end ] --START--
INFO: Run Behavior\ShowPageTrace [ RunTime:0.000042s ]
INFO: [ app_end ] --END-- [ RunTime:0.000089s ]

[ 2014-10-11T10:11:07+08:00 ] 101.226.33.240 /gogoda/index.php?s=/home/user/login.html
NOTIC: [8] Undefined index: uid /var/www/html/gogoda/ThinkPHP/Library/Think/Controller.class.php 第 123 行.
NOTIC: [8] Undefined index: uid /var/www/html/gogoda/ThinkPHP/Library/Think/Controller.class.php 第 127 行.
INFO: [ view_begin ] --START--
INFO: [ view_begin ] --END-- [ RunTime:0.000021s ]
INFO: [ view_parse ] --START--
INFO: [ template_filter ] --START--
INFO: Run Behavior\ContentReplace [ RunTime:0.000112s ]
INFO: [ template_filter ] --END-- [ RunTime:0.000199s ]
NOTIC: [8] Undefined index: _addons /var/www/html/gogoda/Runtime/Cache/Home/b171d71961885d3bf0f7a9b2e0867b01.php 第 39 行.
SQL: SHOW COLUMNS FROM `wp_addons` [ RunTime:0.000509s ]
SQL: SELECT * FROM `wp_addons` WHERE ( `status` = 1 ) AND ( `type` = 1 )  [ RunTime:0.000271s ]
SQL: SHOW COLUMNS FROM `wp_addons` [ RunTime:0.000353s ]
SQL: SHOW COLUMNS FROM `wp_member_public` [ RunTime:0.000508s ]
SQL: SELECT * FROM `wp_member_public` WHERE ( `token` = -1 ) LIMIT 1   [ RunTime:0.000192s ]
SQL: SHOW COLUMNS FROM `wp_member_public_link` [ RunTime:0.000326s ]
SQL: SELECT `addon_status` FROM `wp_member_public_link` WHERE ( `uid` = null ) AND ( `mp_id` = 107 ) LIMIT 1   [ RunTime:0.000165s ]
NOTIC: [8] Undefined variable: addons /var/www/html/gogoda/Application/Common/Common/function.php 第 429 行.
NOTIC: [8] Undefined variable: addons /var/www/html/gogoda/Application/Common/Common/function.php 第 429 行.
NOTIC: [8] Undefined variable: addons /var/www/html/gogoda/Application/Common/Common/function.php 第 429 行.
NOTIC: [8] Undefined variable: addons /var/www/html/gogoda/Application/Common/Common/function.php 第 429 行.
NOTIC: [8] Undefined variable: addons /var/www/html/gogoda/Application/Common/Common/function.php 第 429 行.
NOTIC: [8] Undefined variable: addons /var/www/html/gogoda/Application/Common/Common/function.php 第 429 行.
NOTIC: [8] Undefined variable: addons /var/www/html/gogoda/Application/Common/Common/function.php 第 429 行.
NOTIC: [8] Undefined variable: addons /var/www/html/gogoda/Application/Common/Common/function.php 第 429 行.
NOTIC: [8] Undefined variable: addons /var/www/html/gogoda/Application/Common/Common/function.php 第 429 行.
NOTIC: [8] Undefined variable: addons /var/www/html/gogoda/Application/Common/Common/function.php 第 429 行.
NOTIC: [8] Undefined variable: addons /var/www/html/gogoda/Application/Common/Common/function.php 第 429 行.
NOTIC: [8] Undefined variable: addons /var/www/html/gogoda/Application/Common/Common/function.php 第 429 行.
NOTIC: [8] Undefined variable: addons /var/www/html/gogoda/Application/Common/Common/function.php 第 429 行.
NOTIC: [8] Undefined variable: addons /var/www/html/gogoda/Application/Common/Common/function.php 第 429 行.
NOTIC: [8] Undefined variable: addons /var/www/html/gogoda/Application/Common/Common/function.php 第 429 行.
NOTIC: [8] Undefined variable: addons /var/www/html/gogoda/Application/Common/Common/function.php 第 429 行.
NOTIC: [8] Undefined variable: addons /var/www/html/gogoda/Application/Common/Common/function.php 第 429 行.
NOTIC: [8] Undefined variable: addons /var/www/html/gogoda/Application/Common/Common/function.php 第 429 行.
NOTIC: [8] Undefined variable: addons /var/www/html/gogoda/Application/Common/Common/function.php 第 429 行.
NOTIC: [8] Undefined variable: addons /var/www/html/gogoda/Application/Common/Common/function.php 第 429 行.
NOTIC: [8] Undefined variable: addons /var/www/html/gogoda/Application/Common/Common/function.php 第 429 行.
NOTIC: [8] Undefined variable: addons /var/www/html/gogoda/Application/Common/Common/function.php 第 429 行.
NOTIC: [8] Undefined variable: addons /var/www/html/gogoda/Application/Common/Common/function.php 第 429 行.
NOTIC: [8] Undefined variable: addons /var/www/html/gogoda/Application/Common/Common/function.php 第 429 行.
INFO: [ pageFooter ] --START--
SQL: SELECT `addon_config` FROM `wp_member_public` WHERE ( `token` = -1 ) LIMIT 1   [ RunTime:0.000198s ]
SQL: SHOW COLUMNS FROM `wp_addons` [ RunTime:0.000420s ]
SQL: SELECT `config` FROM `wp_addons` WHERE ( `name` = 'BaiduStatistics' ) AND ( `status` = 1 ) LIMIT 1   [ RunTime:0.000134s ]
INFO: Run BaiduStatistics [ RunTime:0.001728s ]
INFO: [ pageFooter ] --END-- [ RunTime:0.001787s ]
INFO: Run Behavior\ParseTemplate [ RunTime:0.043819s ]
INFO: [ view_parse ] --END-- [ RunTime:0.043880s ]
INFO: [ view_filter ] --START--
INFO: Run Behavior\WriteHtmlCache [ RunTime:0.000014s ]
INFO: [ view_filter ] --END-- [ RunTime:0.000053s ]
INFO: [ view_end ] --START--
INFO: [ view_end ] --END-- [ RunTime:0.000019s ]
INFO: [ app_end ] --START--
INFO: Run Behavior\ShowPageTrace [ RunTime:0.000043s ]
INFO: [ app_end ] --END-- [ RunTime:0.000084s ]

