[ 2014-08-27T15:18:48+08:00 ] 171.213.61.95 /gogoda/
NOTIC: [8] Undefined index: uid /var/www/html/gogoda/ThinkPHP/Library/Think/Controller.class.php 第 123 行.
NOTIC: [8] Undefined index: uid /var/www/html/gogoda/ThinkPHP/Library/Think/Controller.class.php 第 127 行.

[ 2014-08-27T15:18:48+08:00 ] 171.213.61.95 /gogoda/index.php?s=/home/index/main.html
NOTIC: [8] Undefined index: uid /var/www/html/gogoda/ThinkPHP/Library/Think/Controller.class.php 第 123 行.
NOTIC: [8] Undefined index: uid /var/www/html/gogoda/ThinkPHP/Library/Think/Controller.class.php 第 127 行.

[ 2014-08-27T15:18:48+08:00 ] 171.213.61.95 /gogoda/index.php?s=/home/user/login.html
NOTIC: [8] Undefined index: uid /var/www/html/gogoda/ThinkPHP/Library/Think/Controller.class.php 第 123 行.
NOTIC: [8] Undefined index: uid /var/www/html/gogoda/ThinkPHP/Library/Think/Controller.class.php 第 127 行.
INFO: [ view_begin ] --START--
INFO: [ view_begin ] --END-- [ RunTime:0.000021s ]
INFO: [ view_parse ] --START--
INFO: [ template_filter ] --START--
INFO: Run Behavior\ContentReplace [ RunTime:0.000101s ]
INFO: [ template_filter ] --END-- [ RunTime:0.000158s ]
NOTIC: [8] Undefined index: _addons /var/www/html/gogoda/Runtime/Cache/Home/b171d71961885d3bf0f7a9b2e0867b01.php 第 39 行.
SQL: SHOW COLUMNS FROM `wp_addons` [ RunTime:0.000526s ]
SQL: SELECT * FROM `wp_addons` WHERE ( `status` = 1 ) AND ( `type` = 1 )  [ RunTime:0.000257s ]
SQL: SHOW COLUMNS FROM `wp_addons` [ RunTime:0.000358s ]
SQL: SHOW COLUMNS FROM `wp_member_public` [ RunTime:0.000444s ]
SQL: SELECT * FROM `wp_member_public` WHERE ( `token` = -1 ) LIMIT 1   [ RunTime:0.000187s ]
SQL: SHOW COLUMNS FROM `wp_member_public_link` [ RunTime:0.000274s ]
SQL: SELECT `addon_status` FROM `wp_member_public_link` WHERE ( `uid` = null ) AND ( `mp_id` = null ) LIMIT 1   [ RunTime:0.000142s ]
NOTIC: [8] Undefined variable: addons /var/www/html/gogoda/Application/Common/Common/function.php 第 429 行.
NOTIC: [8] Undefined variable: addons /var/www/html/gogoda/Application/Common/Common/function.php 第 429 行.
NOTIC: [8] Undefined variable: addons /var/www/html/gogoda/Application/Common/Common/function.php 第 429 行.
NOTIC: [8] Undefined variable: addons /var/www/html/gogoda/Application/Common/Common/function.php 第 429 行.
NOTIC: [8] Undefined variable: addons /var/www/html/gogoda/Application/Common/Common/function.php 第 429 行.
NOTIC: [8] Undefined variable: addons /var/www/html/gogoda/Application/Common/Common/function.php 第 429 行.
NOTIC: [8] Undefined variable: addons /var/www/html/gogoda/Application/Common/Common/function.php 第 429 行.
NOTIC: [8] Undefined variable: addons /var/www/html/gogoda/Application/Common/Common/function.php 第 429 行.
NOTIC: [8] Undefined variable: addons /var/www/html/gogoda/Application/Common/Common/function.php 第 429 行.
NOTIC: [8] Undefined variable: addons /var/www/html/gogoda/Application/Common/Common/function.php 第 429 行.
NOTIC: [8] Undefined variable: addons /var/www/html/gogoda/Application/Common/Common/function.php 第 429 行.
NOTIC: [8] Undefined variable: addons /var/www/html/gogoda/Application/Common/Common/function.php 第 429 行.
NOTIC: [8] Undefined variable: addons /var/www/html/gogoda/Application/Common/Common/function.php 第 429 行.
NOTIC: [8] Undefined variable: addons /var/www/html/gogoda/Application/Common/Common/function.php 第 429 行.
NOTIC: [8] Undefined variable: addons /var/www/html/gogoda/Application/Common/Common/function.php 第 429 行.
NOTIC: [8] Undefined variable: addons /var/www/html/gogoda/Application/Common/Common/function.php 第 429 行.
NOTIC: [8] Undefined variable: addons /var/www/html/gogoda/Application/Common/Common/function.php 第 429 行.
NOTIC: [8] Undefined variable: addons /var/www/html/gogoda/Application/Common/Common/function.php 第 429 行.
NOTIC: [8] Undefined variable: addons /var/www/html/gogoda/Application/Common/Common/function.php 第 429 行.
NOTIC: [8] Undefined variable: addons /var/www/html/gogoda/Application/Common/Common/function.php 第 429 行.
NOTIC: [8] Undefined variable: addons /var/www/html/gogoda/Application/Common/Common/function.php 第 429 行.
NOTIC: [8] Undefined variable: addons /var/www/html/gogoda/Application/Common/Common/function.php 第 429 行.
INFO: [ pageFooter ] --START--
SQL: SELECT `addon_config` FROM `wp_member_public` WHERE ( `token` = -1 ) LIMIT 1   [ RunTime:0.000109s ]
SQL: SHOW COLUMNS FROM `wp_addons` [ RunTime:0.000465s ]
SQL: SELECT `config` FROM `wp_addons` WHERE ( `name` = 'BaiduStatistics' ) AND ( `status` = 1 ) LIMIT 1   [ RunTime:0.000119s ]
INFO: Run BaiduStatistics [ RunTime:0.001547s ]
INFO: [ pageFooter ] --END-- [ RunTime:0.001595s ]
INFO: Run Behavior\ParseTemplate [ RunTime:0.041905s ]
INFO: [ view_parse ] --END-- [ RunTime:0.041952s ]
INFO: [ view_filter ] --START--
INFO: Run Behavior\WriteHtmlCache [ RunTime:0.000023s ]
INFO: [ view_filter ] --END-- [ RunTime:0.000102s ]
INFO: [ view_end ] --START--
INFO: [ view_end ] --END-- [ RunTime:0.000019s ]
INFO: [ app_end ] --START--
INFO: Run Behavior\ShowPageTrace [ RunTime:0.000030s ]
INFO: [ app_end ] --END-- [ RunTime:0.000071s ]

[ 2014-08-27T15:18:53+08:00 ] 171.213.61.95 /gogoda/index.php?s=/home/user/login.html
INFO: [ app_begin ] --START--
INFO: Run Behavior\ReadHtmlCache [ RunTime:0.000032s ]
INFO: [ app_begin ] --END-- [ RunTime:0.000229s ]
INFO: [ action_begin ] --START--
INFO: [ action_begin ] --END-- [ RunTime:0.000024s ]
NOTIC: [8] Undefined index: uid /var/www/html/gogoda/ThinkPHP/Library/Think/Controller.class.php 第 123 行.
NOTIC: [8] Undefined index: uid /var/www/html/gogoda/ThinkPHP/Library/Think/Controller.class.php 第 127 行.
SQL: SHOW COLUMNS FROM `wp_ucenter_member` [ RunTime:0.000667s ]
SQL: SELECT * FROM `wp_ucenter_member` WHERE ( `username` = 'admin' ) LIMIT 1   [ RunTime:0.000239s ]

[ 2014-08-27T15:18:59+08:00 ] 171.213.61.95 /gogoda/index.php?s=/home/user/login.html
INFO: [ app_begin ] --START--
INFO: Run Behavior\ReadHtmlCache [ RunTime:0.000033s ]
INFO: [ app_begin ] --END-- [ RunTime:0.000233s ]
INFO: [ action_begin ] --START--
INFO: [ action_begin ] --END-- [ RunTime:0.000025s ]
NOTIC: [8] Undefined index: uid /var/www/html/gogoda/ThinkPHP/Library/Think/Controller.class.php 第 123 行.
NOTIC: [8] Undefined index: uid /var/www/html/gogoda/ThinkPHP/Library/Think/Controller.class.php 第 127 行.
SQL: SHOW COLUMNS FROM `wp_ucenter_member` [ RunTime:0.000570s ]
SQL: SELECT * FROM `wp_ucenter_member` WHERE ( `username` = 'admin' ) LIMIT 1   [ RunTime:0.000239s ]

[ 2014-08-27T15:19:01+08:00 ] 171.213.61.95 /gogoda/index.php?s=/home/user/login.html
INFO: [ app_begin ] --START--
INFO: Run Behavior\ReadHtmlCache [ RunTime:0.000000s ]
INFO: [ app_begin ] --END-- [ RunTime:0.000000s ]
INFO: [ action_begin ] --START--
INFO: [ action_begin ] --END-- [ RunTime:0.000000s ]
NOTIC: [8] Undefined index: uid /var/www/html/gogoda/ThinkPHP/Library/Think/Controller.class.php 第 123 行.
NOTIC: [8] Undefined index: uid /var/www/html/gogoda/ThinkPHP/Library/Think/Controller.class.php 第 127 行.
SQL: SHOW COLUMNS FROM `wp_ucenter_member` [ RunTime:0.000551s ]
SQL: SELECT * FROM `wp_ucenter_member` WHERE ( `username` = 'admin' ) LIMIT 1   [ RunTime:0.000256s ]

[ 2014-08-27T15:19:49+08:00 ] 171.213.61.95 /weiphp/
NOTIC: [8] Undefined index: uid /var/www/html/weiphp/ThinkPHP/Library/Think/Controller.class.php 第 123 行.
NOTIC: [8] Undefined index: uid /var/www/html/weiphp/ThinkPHP/Library/Think/Controller.class.php 第 127 行.

[ 2014-08-27T15:19:49+08:00 ] 171.213.61.95 /weiphp/index.php?s=/home/index/main.html
NOTIC: [8] Undefined index: uid /var/www/html/weiphp/ThinkPHP/Library/Think/Controller.class.php 第 123 行.
NOTIC: [8] Undefined index: uid /var/www/html/weiphp/ThinkPHP/Library/Think/Controller.class.php 第 127 行.

[ 2014-08-27T15:19:50+08:00 ] 171.213.61.95 /weiphp/index.php?s=/home/user/login.html
NOTIC: [8] Undefined index: uid /var/www/html/weiphp/ThinkPHP/Library/Think/Controller.class.php 第 123 行.
NOTIC: [8] Undefined index: uid /var/www/html/weiphp/ThinkPHP/Library/Think/Controller.class.php 第 127 行.
INFO: [ view_begin ] --START--
INFO: [ view_begin ] --END-- [ RunTime:0.000023s ]
INFO: [ view_parse ] --START--
INFO: [ template_filter ] --START--
INFO: Run Behavior\ContentReplace [ RunTime:0.000109s ]
INFO: [ template_filter ] --END-- [ RunTime:0.000186s ]
NOTIC: [8] Undefined index: _addons /var/www/html/weiphp/Runtime/Cache/Home/b171d71961885d3bf0f7a9b2e0867b01.php 第 39 行.
SQL: SHOW COLUMNS FROM `wp_addons` [ RunTime:0.000510s ]
SQL: SELECT * FROM `wp_addons` WHERE ( `status` = 1 ) AND ( `type` = 1 )  [ RunTime:0.000303s ]
SQL: SHOW COLUMNS FROM `wp_addons` [ RunTime:0.000366s ]
SQL: SHOW COLUMNS FROM `wp_member_public` [ RunTime:0.000448s ]
SQL: SELECT * FROM `wp_member_public` WHERE ( `token` = -1 ) LIMIT 1   [ RunTime:0.000217s ]
SQL: SHOW COLUMNS FROM `wp_member_public_link` [ RunTime:0.000293s ]
SQL: SELECT `addon_status` FROM `wp_member_public_link` WHERE ( `uid` = null ) AND ( `mp_id` = null ) LIMIT 1   [ RunTime:0.000155s ]
NOTIC: [8] Undefined variable: addons /var/www/html/weiphp/Application/Common/Common/function.php 第 429 行.
NOTIC: [8] Undefined variable: addons /var/www/html/weiphp/Application/Common/Common/function.php 第 429 行.
NOTIC: [8] Undefined variable: addons /var/www/html/weiphp/Application/Common/Common/function.php 第 429 行.
NOTIC: [8] Undefined variable: addons /var/www/html/weiphp/Application/Common/Common/function.php 第 429 行.
NOTIC: [8] Undefined variable: addons /var/www/html/weiphp/Application/Common/Common/function.php 第 429 行.
NOTIC: [8] Undefined variable: addons /var/www/html/weiphp/Application/Common/Common/function.php 第 429 行.
NOTIC: [8] Undefined variable: addons /var/www/html/weiphp/Application/Common/Common/function.php 第 429 行.
NOTIC: [8] Undefined variable: addons /var/www/html/weiphp/Application/Common/Common/function.php 第 429 行.
NOTIC: [8] Undefined variable: addons /var/www/html/weiphp/Application/Common/Common/function.php 第 429 行.
NOTIC: [8] Undefined variable: addons /var/www/html/weiphp/Application/Common/Common/function.php 第 429 行.
NOTIC: [8] Undefined variable: addons /var/www/html/weiphp/Application/Common/Common/function.php 第 429 行.
NOTIC: [8] Undefined variable: addons /var/www/html/weiphp/Application/Common/Common/function.php 第 429 行.
NOTIC: [8] Undefined variable: addons /var/www/html/weiphp/Application/Common/Common/function.php 第 429 行.
NOTIC: [8] Undefined variable: addons /var/www/html/weiphp/Application/Common/Common/function.php 第 429 行.
NOTIC: [8] Undefined variable: addons /var/www/html/weiphp/Application/Common/Common/function.php 第 429 行.
NOTIC: [8] Undefined variable: addons /var/www/html/weiphp/Application/Common/Common/function.php 第 429 行.
NOTIC: [8] Undefined variable: addons /var/www/html/weiphp/Application/Common/Common/function.php 第 429 行.
NOTIC: [8] Undefined variable: addons /var/www/html/weiphp/Application/Common/Common/function.php 第 429 行.
NOTIC: [8] Undefined variable: addons /var/www/html/weiphp/Application/Common/Common/function.php 第 429 行.
NOTIC: [8] Undefined variable: addons /var/www/html/weiphp/Application/Common/Common/function.php 第 429 行.
NOTIC: [8] Undefined variable: addons /var/www/html/weiphp/Application/Common/Common/function.php 第 429 行.
NOTIC: [8] Undefined variable: addons /var/www/html/weiphp/Application/Common/Common/function.php 第 429 行.
INFO: [ pageFooter ] --START--
SQL: SELECT `addon_config` FROM `wp_member_public` WHERE ( `token` = -1 ) LIMIT 1   [ RunTime:0.000130s ]
SQL: SHOW COLUMNS FROM `wp_addons` [ RunTime:0.000436s ]
SQL: SELECT `config` FROM `wp_addons` WHERE ( `name` = 'BaiduStatistics' ) AND ( `status` = 1 ) LIMIT 1   [ RunTime:0.000129s ]
INFO: Run BaiduStatistics [ RunTime:0.001552s ]
INFO: [ pageFooter ] --END-- [ RunTime:0.001632s ]
INFO: Run Behavior\ParseTemplate [ RunTime:0.042556s ]
INFO: [ view_parse ] --END-- [ RunTime:0.042603s ]
INFO: [ view_filter ] --START--
INFO: Run Behavior\WriteHtmlCache [ RunTime:0.000015s ]
INFO: [ view_filter ] --END-- [ RunTime:0.000052s ]
INFO: [ view_end ] --START--
INFO: [ view_end ] --END-- [ RunTime:0.000018s ]
INFO: [ app_end ] --START--
INFO: Run Behavior\ShowPageTrace [ RunTime:0.000030s ]
INFO: [ app_end ] --END-- [ RunTime:0.000070s ]

[ 2014-08-27T15:19:54+08:00 ] 171.213.61.95 /weiphp/index.php?s=/home/user/login.html
INFO: [ app_begin ] --START--
INFO: Run Behavior\ReadHtmlCache [ RunTime:0.000033s ]
INFO: [ app_begin ] --END-- [ RunTime:0.000236s ]
INFO: [ action_begin ] --START--
INFO: [ action_begin ] --END-- [ RunTime:0.000024s ]
NOTIC: [8] Undefined index: uid /var/www/html/weiphp/ThinkPHP/Library/Think/Controller.class.php 第 123 行.
NOTIC: [8] Undefined index: uid /var/www/html/weiphp/ThinkPHP/Library/Think/Controller.class.php 第 127 行.
SQL: SHOW COLUMNS FROM `wp_ucenter_member` [ RunTime:0.000575s ]
SQL: SELECT * FROM `wp_ucenter_member` WHERE ( `username` = 'admin' ) LIMIT 1   [ RunTime:0.000223s ]

[ 2014-08-27T15:20:03+08:00 ] 171.213.61.95 /weiphp/index.php?s=/home/user/login.html
INFO: [ app_begin ] --START--
INFO: Run Behavior\ReadHtmlCache [ RunTime:0.000000s ]
INFO: [ app_begin ] --END-- [ RunTime:0.000000s ]
INFO: [ action_begin ] --START--
INFO: [ action_begin ] --END-- [ RunTime:0.000000s ]
NOTIC: [8] Undefined index: uid /var/www/html/weiphp/ThinkPHP/Library/Think/Controller.class.php 第 123 行.
NOTIC: [8] Undefined index: uid /var/www/html/weiphp/ThinkPHP/Library/Think/Controller.class.php 第 127 行.
SQL: SHOW COLUMNS FROM `wp_ucenter_member` [ RunTime:0.000607s ]
SQL: SELECT * FROM `wp_ucenter_member` WHERE ( `username` = 'admin' ) LIMIT 1   [ RunTime:0.000281s ]

[ 2014-08-27T15:25:43+08:00 ] 171.213.61.95 /weiphp/index.php?s=/Admin/Public/login.html
NOTIC: [8] Undefined index: uid /var/www/html/weiphp/ThinkPHP/Library/Think/Controller.class.php 第 123 行.
NOTIC: [8] Undefined index: uid /var/www/html/weiphp/ThinkPHP/Library/Think/Controller.class.php 第 127 行.
INFO: [ view_begin ] --START--
INFO: [ view_begin ] --END-- [ RunTime:0.000022s ]
INFO: [ view_parse ] --START--
INFO: [ template_filter ] --START--
INFO: Run Behavior\ContentReplace [ RunTime:0.000057s ]
INFO: [ template_filter ] --END-- [ RunTime:0.000112s ]
INFO: Run Behavior\ParseTemplate [ RunTime:0.004624s ]
INFO: [ view_parse ] --END-- [ RunTime:0.004686s ]
INFO: [ view_filter ] --START--
INFO: Run Behavior\WriteHtmlCache [ RunTime:0.000011s ]
INFO: [ view_filter ] --END-- [ RunTime:0.000050s ]
INFO: [ view_end ] --START--
INFO: [ view_end ] --END-- [ RunTime:0.000018s ]
INFO: [ app_end ] --START--
INFO: Run Behavior\ShowPageTrace [ RunTime:0.000028s ]
INFO: [ app_end ] --END-- [ RunTime:0.000067s ]

[ 2014-08-27T15:25:46+08:00 ] 171.213.61.95 /weiphp/index.php?s=/Admin/Public/login.html
INFO: [ app_begin ] --START--
INFO: Run Behavior\ReadHtmlCache [ RunTime:0.000033s ]
INFO: [ app_begin ] --END-- [ RunTime:0.000262s ]
INFO: [ action_begin ] --START--
INFO: [ action_begin ] --END-- [ RunTime:0.000030s ]
NOTIC: [8] Undefined index: uid /var/www/html/weiphp/ThinkPHP/Library/Think/Controller.class.php 第 123 行.
NOTIC: [8] Undefined index: uid /var/www/html/weiphp/ThinkPHP/Library/Think/Controller.class.php 第 127 行.
SQL: SHOW COLUMNS FROM `wp_ucenter_member` [ RunTime:0.000535s ]
SQL: SELECT * FROM `wp_ucenter_member` WHERE ( `username` = 'admin' ) LIMIT 1   [ RunTime:0.000214s ]

[ 2014-08-27T15:25:48+08:00 ] 171.213.61.95 /weiphp/index.php?s=/Admin/Public/login.html
INFO: [ app_begin ] --START--
INFO: Run Behavior\ReadHtmlCache [ RunTime:0.000035s ]
INFO: [ app_begin ] --END-- [ RunTime:0.000276s ]
INFO: [ action_begin ] --START--
INFO: [ action_begin ] --END-- [ RunTime:0.000024s ]
NOTIC: [8] Undefined index: uid /var/www/html/weiphp/ThinkPHP/Library/Think/Controller.class.php 第 123 行.
NOTIC: [8] Undefined index: uid /var/www/html/weiphp/ThinkPHP/Library/Think/Controller.class.php 第 127 行.
SQL: SHOW COLUMNS FROM `wp_ucenter_member` [ RunTime:0.000570s ]
SQL: SELECT * FROM `wp_ucenter_member` WHERE ( `username` = 'admin' ) LIMIT 1   [ RunTime:0.000304s ]

